<?xml version="1.0" encoding="UTF-8"?>
<testsuite xmlns:xsi="http://www.w3.org/2001/XMLSchema-instance" xsi:noNamespaceSchemaLocation="https://maven.apache.org/surefire/maven-surefire-plugin/xsd/surefire-test-report.xsd" name="com.example.s3duckdb.S3DuckDbApplicationTests" time="1.535" tests="1" errors="0" skipped="0" failures="0">
  <properties>
    <property name="socksProxyHost" value="127.0.0.1"/>
    <property name="http.proxyHost" value="127.0.0.1"/>
    <property name="java.specification.version" value="17"/>
    <property name="sun.jnu.encoding" value="UTF-8"/>
    <property name="java.class.path" value="/Users/shouzhi/temp/trae-work/s3-duckdb/target/test-classes:/Users/shouzhi/temp/trae-work/s3-duckdb/target/classes:/Users/shouzhi/soft/maven/repository/org/springframework/boot/spring-boot-starter-web/2.7.14/spring-boot-starter-web-2.7.14.jar:/Users/shouzhi/soft/maven/repository/org/springframework/boot/spring-boot-starter/2.7.14/spring-boot-starter-2.7.14.jar:/Users/shouzhi/soft/maven/repository/org/springframework/boot/spring-boot/2.7.14/spring-boot-2.7.14.jar:/Users/shouzhi/soft/maven/repository/org/springframework/boot/spring-boot-autoconfigure/2.7.14/spring-boot-autoconfigure-2.7.14.jar:/Users/shouzhi/soft/maven/repository/org/springframework/boot/spring-boot-starter-logging/2.7.14/spring-boot-starter-logging-2.7.14.jar:/Users/shouzhi/soft/maven/repository/ch/qos/logback/logback-classic/1.2.12/logback-classic-1.2.12.jar:/Users/shouzhi/soft/maven/repository/ch/qos/logback/logback-core/1.2.12/logback-core-1.2.12.jar:/Users/shouzhi/soft/maven/repository/org/apache/logging/log4j/log4j-to-slf4j/2.17.2/log4j-to-slf4j-2.17.2.jar:/Users/shouzhi/soft/maven/repository/org/apache/logging/log4j/log4j-api/2.17.2/log4j-api-2.17.2.jar:/Users/shouzhi/soft/maven/repository/org/slf4j/jul-to-slf4j/1.7.36/jul-to-slf4j-1.7.36.jar:/Users/shouzhi/soft/maven/repository/jakarta/annotation/jakarta.annotation-api/1.3.5/jakarta.annotation-api-1.3.5.jar:/Users/shouzhi/soft/maven/repository/org/yaml/snakeyaml/1.30/snakeyaml-1.30.jar:/Users/shouzhi/soft/maven/repository/org/springframework/boot/spring-boot-starter-json/2.7.14/spring-boot-starter-json-2.7.14.jar:/Users/shouzhi/soft/maven/repository/com/fasterxml/jackson/datatype/jackson-datatype-jdk8/2.13.5/jackson-datatype-jdk8-2.13.5.jar:/Users/shouzhi/soft/maven/repository/com/fasterxml/jackson/datatype/jackson-datatype-jsr310/2.13.5/jackson-datatype-jsr310-2.13.5.jar:/Users/shouzhi/soft/maven/repository/com/fasterxml/jackson/module/jackson-module-parameter-names/2.13.5/jackson-module-parameter-names-2.13.5.jar:/Users/shouzhi/soft/maven/repository/org/springframework/boot/spring-boot-starter-tomcat/2.7.14/spring-boot-starter-tomcat-2.7.14.jar:/Users/shouzhi/soft/maven/repository/org/apache/tomcat/embed/tomcat-embed-core/9.0.78/tomcat-embed-core-9.0.78.jar:/Users/shouzhi/soft/maven/repository/org/apache/tomcat/embed/tomcat-embed-websocket/9.0.78/tomcat-embed-websocket-9.0.78.jar:/Users/shouzhi/soft/maven/repository/org/springframework/spring-web/5.3.29/spring-web-5.3.29.jar:/Users/shouzhi/soft/maven/repository/org/springframework/spring-beans/5.3.29/spring-beans-5.3.29.jar:/Users/shouzhi/soft/maven/repository/org/springframework/spring-webmvc/5.3.29/spring-webmvc-5.3.29.jar:/Users/shouzhi/soft/maven/repository/org/springframework/spring-aop/5.3.29/spring-aop-5.3.29.jar:/Users/shouzhi/soft/maven/repository/org/springframework/spring-context/5.3.29/spring-context-5.3.29.jar:/Users/shouzhi/soft/maven/repository/org/springframework/spring-expression/5.3.29/spring-expression-5.3.29.jar:/Users/shouzhi/soft/maven/repository/org/springframework/boot/spring-boot-starter-jdbc/2.7.14/spring-boot-starter-jdbc-2.7.14.jar:/Users/shouzhi/soft/maven/repository/com/zaxxer/HikariCP/4.0.3/HikariCP-4.0.3.jar:/Users/shouzhi/soft/maven/repository/org/slf4j/slf4j-api/1.7.36/slf4j-api-1.7.36.jar:/Users/shouzhi/soft/maven/repository/org/springframework/spring-jdbc/5.3.29/spring-jdbc-5.3.29.jar:/Users/shouzhi/soft/maven/repository/org/springframework/spring-tx/5.3.29/spring-tx-5.3.29.jar:/Users/shouzhi/soft/maven/repository/org/duckdb/duckdb_jdbc/0.9.2/duckdb_jdbc-0.9.2.jar:/Users/shouzhi/soft/maven/repository/software/amazon/awssdk/s3/2.20.162/s3-2.20.162.jar:/Users/shouzhi/soft/maven/repository/software/amazon/awssdk/aws-xml-protocol/2.20.162/aws-xml-protocol-2.20.162.jar:/Users/shouzhi/soft/maven/repository/software/amazon/awssdk/aws-query-protocol/2.20.162/aws-query-protocol-2.20.162.jar:/Users/shouzhi/soft/maven/repository/software/amazon/awssdk/protocol-core/2.20.162/protocol-core-2.20.162.jar:/Users/shouzhi/soft/maven/repository/software/amazon/awssdk/arns/2.20.162/arns-2.20.162.jar:/Users/shouzhi/soft/maven/repository/software/amazon/awssdk/profiles/2.20.162/profiles-2.20.162.jar:/Users/shouzhi/soft/maven/repository/software/amazon/awssdk/crt-core/2.20.162/crt-core-2.20.162.jar:/Users/shouzhi/soft/maven/repository/software/amazon/awssdk/sdk-core/2.20.162/sdk-core-2.20.162.jar:/Users/shouzhi/soft/maven/repository/org/reactivestreams/reactive-streams/1.0.4/reactive-streams-1.0.4.jar:/Users/shouzhi/soft/maven/repository/software/amazon/awssdk/auth/2.20.162/auth-2.20.162.jar:/Users/shouzhi/soft/maven/repository/software/amazon/eventstream/eventstream/1.0.1/eventstream-1.0.1.jar:/Users/shouzhi/soft/maven/repository/software/amazon/awssdk/http-client-spi/2.20.162/http-client-spi-2.20.162.jar:/Users/shouzhi/soft/maven/repository/software/amazon/awssdk/regions/2.20.162/regions-2.20.162.jar:/Users/shouzhi/soft/maven/repository/software/amazon/awssdk/annotations/2.20.162/annotations-2.20.162.jar:/Users/shouzhi/soft/maven/repository/software/amazon/awssdk/utils/2.20.162/utils-2.20.162.jar:/Users/shouzhi/soft/maven/repository/software/amazon/awssdk/aws-core/2.20.162/aws-core-2.20.162.jar:/Users/shouzhi/soft/maven/repository/software/amazon/awssdk/metrics-spi/2.20.162/metrics-spi-2.20.162.jar:/Users/shouzhi/soft/maven/repository/software/amazon/awssdk/json-utils/2.20.162/json-utils-2.20.162.jar:/Users/shouzhi/soft/maven/repository/software/amazon/awssdk/third-party-jackson-core/2.20.162/third-party-jackson-core-2.20.162.jar:/Users/shouzhi/soft/maven/repository/software/amazon/awssdk/endpoints-spi/2.20.162/endpoints-spi-2.20.162.jar:/Users/shouzhi/soft/maven/repository/software/amazon/awssdk/apache-client/2.20.162/apache-client-2.20.162.jar:/Users/shouzhi/soft/maven/repository/org/apache/httpcomponents/httpclient/4.5.14/httpclient-4.5.14.jar:/Users/shouzhi/soft/maven/repository/org/apache/httpcomponents/httpcore/4.4.16/httpcore-4.4.16.jar:/Users/shouzhi/soft/maven/repository/commons-codec/commons-codec/1.15/commons-codec-1.15.jar:/Users/shouzhi/soft/maven/repository/software/amazon/awssdk/netty-nio-client/2.20.162/netty-nio-client-2.20.162.jar:/Users/shouzhi/soft/maven/repository/io/netty/netty-codec-http/4.1.94.Final/netty-codec-http-4.1.94.Final.jar:/Users/shouzhi/soft/maven/repository/io/netty/netty-codec-http2/4.1.94.Final/netty-codec-http2-4.1.94.Final.jar:/Users/shouzhi/soft/maven/repository/io/netty/netty-codec/4.1.94.Final/netty-codec-4.1.94.Final.jar:/Users/shouzhi/soft/maven/repository/io/netty/netty-transport/4.1.94.Final/netty-transport-4.1.94.Final.jar:/Users/shouzhi/soft/maven/repository/io/netty/netty-common/4.1.94.Final/netty-common-4.1.94.Final.jar:/Users/shouzhi/soft/maven/repository/io/netty/netty-buffer/4.1.94.Final/netty-buffer-4.1.94.Final.jar:/Users/shouzhi/soft/maven/repository/io/netty/netty-handler/4.1.94.Final/netty-handler-4.1.94.Final.jar:/Users/shouzhi/soft/maven/repository/io/netty/netty-transport-native-unix-common/4.1.94.Final/netty-transport-native-unix-common-4.1.94.Final.jar:/Users/shouzhi/soft/maven/repository/io/netty/netty-transport-classes-epoll/4.1.94.Final/netty-transport-classes-epoll-4.1.94.Final.jar:/Users/shouzhi/soft/maven/repository/io/netty/netty-resolver/4.1.94.Final/netty-resolver-4.1.94.Final.jar:/Users/shouzhi/soft/maven/repository/org/apache/commons/commons-csv/1.10.0/commons-csv-1.10.0.jar:/Users/shouzhi/soft/maven/repository/com/fasterxml/jackson/core/jackson-databind/2.13.5/jackson-databind-2.13.5.jar:/Users/shouzhi/soft/maven/repository/com/fasterxml/jackson/core/jackson-annotations/2.13.5/jackson-annotations-2.13.5.jar:/Users/shouzhi/soft/maven/repository/com/fasterxml/jackson/core/jackson-core/2.13.5/jackson-core-2.13.5.jar:/Users/shouzhi/soft/maven/repository/org/springframework/boot/spring-boot-starter-validation/2.7.14/spring-boot-starter-validation-2.7.14.jar:/Users/shouzhi/soft/maven/repository/org/apache/tomcat/embed/tomcat-embed-el/9.0.78/tomcat-embed-el-9.0.78.jar:/Users/shouzhi/soft/maven/repository/org/hibernate/validator/hibernate-validator/6.2.5.Final/hibernate-validator-6.2.5.Final.jar:/Users/shouzhi/soft/maven/repository/jakarta/validation/jakarta.validation-api/2.0.2/jakarta.validation-api-2.0.2.jar:/Users/shouzhi/soft/maven/repository/org/jboss/logging/jboss-logging/3.4.3.Final/jboss-logging-3.4.3.Final.jar:/Users/shouzhi/soft/maven/repository/com/fasterxml/classmate/1.5.1/classmate-1.5.1.jar:/Users/shouzhi/soft/maven/repository/org/projectlombok/lombok/1.18.28/lombok-1.18.28.jar:/Users/shouzhi/soft/maven/repository/org/springframework/boot/spring-boot-starter-test/2.7.14/spring-boot-starter-test-2.7.14.jar:/Users/shouzhi/soft/maven/repository/org/springframework/boot/spring-boot-test/2.7.14/spring-boot-test-2.7.14.jar:/Users/shouzhi/soft/maven/repository/org/springframework/boot/spring-boot-test-autoconfigure/2.7.14/spring-boot-test-autoconfigure-2.7.14.jar:/Users/shouzhi/soft/maven/repository/com/jayway/jsonpath/json-path/2.7.0/json-path-2.7.0.jar:/Users/shouzhi/soft/maven/repository/net/minidev/json-smart/2.4.11/json-smart-2.4.11.jar:/Users/shouzhi/soft/maven/repository/net/minidev/accessors-smart/2.4.11/accessors-smart-2.4.11.jar:/Users/shouzhi/soft/maven/repository/org/ow2/asm/asm/9.3/asm-9.3.jar:/Users/shouzhi/soft/maven/repository/jakarta/xml/bind/jakarta.xml.bind-api/2.3.3/jakarta.xml.bind-api-2.3.3.jar:/Users/shouzhi/soft/maven/repository/jakarta/activation/jakarta.activation-api/1.2.2/jakarta.activation-api-1.2.2.jar:/Users/shouzhi/soft/maven/repository/org/assertj/assertj-core/3.22.0/assertj-core-3.22.0.jar:/Users/shouzhi/soft/maven/repository/org/hamcrest/hamcrest/2.2/hamcrest-2.2.jar:/Users/shouzhi/soft/maven/repository/org/junit/jupiter/junit-jupiter/5.8.2/junit-jupiter-5.8.2.jar:/Users/shouzhi/soft/maven/repository/org/junit/jupiter/junit-jupiter-api/5.8.2/junit-jupiter-api-5.8.2.jar:/Users/shouzhi/soft/maven/repository/org/opentest4j/opentest4j/1.2.0/opentest4j-1.2.0.jar:/Users/shouzhi/soft/maven/repository/org/junit/platform/junit-platform-commons/1.8.2/junit-platform-commons-1.8.2.jar:/Users/shouzhi/soft/maven/repository/org/apiguardian/apiguardian-api/1.1.2/apiguardian-api-1.1.2.jar:/Users/shouzhi/soft/maven/repository/org/junit/jupiter/junit-jupiter-params/5.8.2/junit-jupiter-params-5.8.2.jar:/Users/shouzhi/soft/maven/repository/org/junit/jupiter/junit-jupiter-engine/5.8.2/junit-jupiter-engine-5.8.2.jar:/Users/shouzhi/soft/maven/repository/org/junit/platform/junit-platform-engine/1.8.2/junit-platform-engine-1.8.2.jar:/Users/shouzhi/soft/maven/repository/org/mockito/mockito-core/4.5.1/mockito-core-4.5.1.jar:/Users/shouzhi/soft/maven/repository/net/bytebuddy/byte-buddy/1.12.23/byte-buddy-1.12.23.jar:/Users/shouzhi/soft/maven/repository/net/bytebuddy/byte-buddy-agent/1.12.23/byte-buddy-agent-1.12.23.jar:/Users/shouzhi/soft/maven/repository/org/objenesis/objenesis/3.2/objenesis-3.2.jar:/Users/shouzhi/soft/maven/repository/org/mockito/mockito-junit-jupiter/4.5.1/mockito-junit-jupiter-4.5.1.jar:/Users/shouzhi/soft/maven/repository/org/skyscreamer/jsonassert/1.5.1/jsonassert-1.5.1.jar:/Users/shouzhi/soft/maven/repository/com/vaadin/external/google/android-json/0.0.20131108.vaadin1/android-json-0.0.20131108.vaadin1.jar:/Users/shouzhi/soft/maven/repository/org/springframework/spring-core/5.3.29/spring-core-5.3.29.jar:/Users/shouzhi/soft/maven/repository/org/springframework/spring-jcl/5.3.29/spring-jcl-5.3.29.jar:/Users/shouzhi/soft/maven/repository/org/springframework/spring-test/5.3.29/spring-test-5.3.29.jar:/Users/shouzhi/soft/maven/repository/org/xmlunit/xmlunit-core/2.9.1/xmlunit-core-2.9.1.jar:"/>
    <property name="https.proxyPort" value="8118"/>
    <property name="java.vm.vendor" value="Oracle Corporation"/>
    <property name="sun.arch.data.model" value="64"/>
    <property name="java.vendor.url" value="https://java.oracle.com/"/>
    <property name="user.timezone" value="Asia/Shanghai"/>
    <property name="os.name" value="Mac OS X"/>
    <property name="java.vm.specification.version" value="17"/>
    <property name="sun.java.launcher" value="SUN_STANDARD"/>
    <property name="user.country" value="CN"/>
    <property name="sun.boot.library.path" value="/Users/shouzhi/soft/jdk/graalvm-jdk-17.0.12/Contents/Home/lib"/>
    <property name="sun.java.command" value="/Users/shouzhi/temp/trae-work/s3-duckdb/target/surefire/surefirebooter13013933759894693142.jar /Users/shouzhi/temp/trae-work/s3-duckdb/target/surefire 2025-05-30T23-02-00_107-jvmRun1 surefire14016610677173144225tmp surefire_010814083179640359622tmp"/>
    <property name="http.nonProxyHosts" value="weather-data.apple.com|*.weather-data.apple.com|gateway.icloud.com.cn|*.gateway.icloud.com.cn|193.168.0.0/24|*.193.168.0.0/24|localhost|*.localhost|icloud.com.cn|*.icloud.com.cn|172.16.0.0/12|*.172.16.0.0/12|api.smoot.apple.com|*.api.smoot.apple.com|captive.apple.com|*.captive.apple.com|guzzoni.apple.com|*.guzzoni.apple.com|ocsp.apple.com|*.ocsp.apple.com|smoot.apple.cn|*.smoot.apple.cn|push-apple.com.akadns.net|*.push-apple.com.akadns.net|xp.apple.com|*.xp.apple.com|local|*.local|smp-device-content.apple.com|*.smp-device-content.apple.com|127.0.0.1|192.168.0.0/16|*.192.168.0.0/16|10.0.0.0/8|*.10.0.0.0/8|gateway.icloud.com|*.gateway.icloud.com|100.64.0.0/10|*.100.64.0.0/10|inappcheck.itunes.apple.com|*.inappcheck.itunes.apple.com|17.0.0.0/8|*.17.0.0.0/8|configuration.apple.com|*.configuration.apple.com|push.apple.com|*.push.apple.com|valid.apple.com|*.valid.apple.com|health.apple.com|*.health.apple.com|ess.apple.com|*.ess.apple.com"/>
    <property name="jdk.debug" value="release"/>
    <property name="surefire.test.class.path" value="/Users/shouzhi/temp/trae-work/s3-duckdb/target/test-classes:/Users/shouzhi/temp/trae-work/s3-duckdb/target/classes:/Users/shouzhi/soft/maven/repository/org/springframework/boot/spring-boot-starter-web/2.7.14/spring-boot-starter-web-2.7.14.jar:/Users/shouzhi/soft/maven/repository/org/springframework/boot/spring-boot-starter/2.7.14/spring-boot-starter-2.7.14.jar:/Users/shouzhi/soft/maven/repository/org/springframework/boot/spring-boot/2.7.14/spring-boot-2.7.14.jar:/Users/shouzhi/soft/maven/repository/org/springframework/boot/spring-boot-autoconfigure/2.7.14/spring-boot-autoconfigure-2.7.14.jar:/Users/shouzhi/soft/maven/repository/org/springframework/boot/spring-boot-starter-logging/2.7.14/spring-boot-starter-logging-2.7.14.jar:/Users/shouzhi/soft/maven/repository/ch/qos/logback/logback-classic/1.2.12/logback-classic-1.2.12.jar:/Users/shouzhi/soft/maven/repository/ch/qos/logback/logback-core/1.2.12/logback-core-1.2.12.jar:/Users/shouzhi/soft/maven/repository/org/apache/logging/log4j/log4j-to-slf4j/2.17.2/log4j-to-slf4j-2.17.2.jar:/Users/shouzhi/soft/maven/repository/org/apache/logging/log4j/log4j-api/2.17.2/log4j-api-2.17.2.jar:/Users/shouzhi/soft/maven/repository/org/slf4j/jul-to-slf4j/1.7.36/jul-to-slf4j-1.7.36.jar:/Users/shouzhi/soft/maven/repository/jakarta/annotation/jakarta.annotation-api/1.3.5/jakarta.annotation-api-1.3.5.jar:/Users/shouzhi/soft/maven/repository/org/yaml/snakeyaml/1.30/snakeyaml-1.30.jar:/Users/shouzhi/soft/maven/repository/org/springframework/boot/spring-boot-starter-json/2.7.14/spring-boot-starter-json-2.7.14.jar:/Users/shouzhi/soft/maven/repository/com/fasterxml/jackson/datatype/jackson-datatype-jdk8/2.13.5/jackson-datatype-jdk8-2.13.5.jar:/Users/shouzhi/soft/maven/repository/com/fasterxml/jackson/datatype/jackson-datatype-jsr310/2.13.5/jackson-datatype-jsr310-2.13.5.jar:/Users/shouzhi/soft/maven/repository/com/fasterxml/jackson/module/jackson-module-parameter-names/2.13.5/jackson-module-parameter-names-2.13.5.jar:/Users/shouzhi/soft/maven/repository/org/springframework/boot/spring-boot-starter-tomcat/2.7.14/spring-boot-starter-tomcat-2.7.14.jar:/Users/shouzhi/soft/maven/repository/org/apache/tomcat/embed/tomcat-embed-core/9.0.78/tomcat-embed-core-9.0.78.jar:/Users/shouzhi/soft/maven/repository/org/apache/tomcat/embed/tomcat-embed-websocket/9.0.78/tomcat-embed-websocket-9.0.78.jar:/Users/shouzhi/soft/maven/repository/org/springframework/spring-web/5.3.29/spring-web-5.3.29.jar:/Users/shouzhi/soft/maven/repository/org/springframework/spring-beans/5.3.29/spring-beans-5.3.29.jar:/Users/shouzhi/soft/maven/repository/org/springframework/spring-webmvc/5.3.29/spring-webmvc-5.3.29.jar:/Users/shouzhi/soft/maven/repository/org/springframework/spring-aop/5.3.29/spring-aop-5.3.29.jar:/Users/shouzhi/soft/maven/repository/org/springframework/spring-context/5.3.29/spring-context-5.3.29.jar:/Users/shouzhi/soft/maven/repository/org/springframework/spring-expression/5.3.29/spring-expression-5.3.29.jar:/Users/shouzhi/soft/maven/repository/org/springframework/boot/spring-boot-starter-jdbc/2.7.14/spring-boot-starter-jdbc-2.7.14.jar:/Users/shouzhi/soft/maven/repository/com/zaxxer/HikariCP/4.0.3/HikariCP-4.0.3.jar:/Users/shouzhi/soft/maven/repository/org/slf4j/slf4j-api/1.7.36/slf4j-api-1.7.36.jar:/Users/shouzhi/soft/maven/repository/org/springframework/spring-jdbc/5.3.29/spring-jdbc-5.3.29.jar:/Users/shouzhi/soft/maven/repository/org/springframework/spring-tx/5.3.29/spring-tx-5.3.29.jar:/Users/shouzhi/soft/maven/repository/org/duckdb/duckdb_jdbc/0.9.2/duckdb_jdbc-0.9.2.jar:/Users/shouzhi/soft/maven/repository/software/amazon/awssdk/s3/2.20.162/s3-2.20.162.jar:/Users/shouzhi/soft/maven/repository/software/amazon/awssdk/aws-xml-protocol/2.20.162/aws-xml-protocol-2.20.162.jar:/Users/shouzhi/soft/maven/repository/software/amazon/awssdk/aws-query-protocol/2.20.162/aws-query-protocol-2.20.162.jar:/Users/shouzhi/soft/maven/repository/software/amazon/awssdk/protocol-core/2.20.162/protocol-core-2.20.162.jar:/Users/shouzhi/soft/maven/repository/software/amazon/awssdk/arns/2.20.162/arns-2.20.162.jar:/Users/shouzhi/soft/maven/repository/software/amazon/awssdk/profiles/2.20.162/profiles-2.20.162.jar:/Users/shouzhi/soft/maven/repository/software/amazon/awssdk/crt-core/2.20.162/crt-core-2.20.162.jar:/Users/shouzhi/soft/maven/repository/software/amazon/awssdk/sdk-core/2.20.162/sdk-core-2.20.162.jar:/Users/shouzhi/soft/maven/repository/org/reactivestreams/reactive-streams/1.0.4/reactive-streams-1.0.4.jar:/Users/shouzhi/soft/maven/repository/software/amazon/awssdk/auth/2.20.162/auth-2.20.162.jar:/Users/shouzhi/soft/maven/repository/software/amazon/eventstream/eventstream/1.0.1/eventstream-1.0.1.jar:/Users/shouzhi/soft/maven/repository/software/amazon/awssdk/http-client-spi/2.20.162/http-client-spi-2.20.162.jar:/Users/shouzhi/soft/maven/repository/software/amazon/awssdk/regions/2.20.162/regions-2.20.162.jar:/Users/shouzhi/soft/maven/repository/software/amazon/awssdk/annotations/2.20.162/annotations-2.20.162.jar:/Users/shouzhi/soft/maven/repository/software/amazon/awssdk/utils/2.20.162/utils-2.20.162.jar:/Users/shouzhi/soft/maven/repository/software/amazon/awssdk/aws-core/2.20.162/aws-core-2.20.162.jar:/Users/shouzhi/soft/maven/repository/software/amazon/awssdk/metrics-spi/2.20.162/metrics-spi-2.20.162.jar:/Users/shouzhi/soft/maven/repository/software/amazon/awssdk/json-utils/2.20.162/json-utils-2.20.162.jar:/Users/shouzhi/soft/maven/repository/software/amazon/awssdk/third-party-jackson-core/2.20.162/third-party-jackson-core-2.20.162.jar:/Users/shouzhi/soft/maven/repository/software/amazon/awssdk/endpoints-spi/2.20.162/endpoints-spi-2.20.162.jar:/Users/shouzhi/soft/maven/repository/software/amazon/awssdk/apache-client/2.20.162/apache-client-2.20.162.jar:/Users/shouzhi/soft/maven/repository/org/apache/httpcomponents/httpclient/4.5.14/httpclient-4.5.14.jar:/Users/shouzhi/soft/maven/repository/org/apache/httpcomponents/httpcore/4.4.16/httpcore-4.4.16.jar:/Users/shouzhi/soft/maven/repository/commons-codec/commons-codec/1.15/commons-codec-1.15.jar:/Users/shouzhi/soft/maven/repository/software/amazon/awssdk/netty-nio-client/2.20.162/netty-nio-client-2.20.162.jar:/Users/shouzhi/soft/maven/repository/io/netty/netty-codec-http/4.1.94.Final/netty-codec-http-4.1.94.Final.jar:/Users/shouzhi/soft/maven/repository/io/netty/netty-codec-http2/4.1.94.Final/netty-codec-http2-4.1.94.Final.jar:/Users/shouzhi/soft/maven/repository/io/netty/netty-codec/4.1.94.Final/netty-codec-4.1.94.Final.jar:/Users/shouzhi/soft/maven/repository/io/netty/netty-transport/4.1.94.Final/netty-transport-4.1.94.Final.jar:/Users/shouzhi/soft/maven/repository/io/netty/netty-common/4.1.94.Final/netty-common-4.1.94.Final.jar:/Users/shouzhi/soft/maven/repository/io/netty/netty-buffer/4.1.94.Final/netty-buffer-4.1.94.Final.jar:/Users/shouzhi/soft/maven/repository/io/netty/netty-handler/4.1.94.Final/netty-handler-4.1.94.Final.jar:/Users/shouzhi/soft/maven/repository/io/netty/netty-transport-native-unix-common/4.1.94.Final/netty-transport-native-unix-common-4.1.94.Final.jar:/Users/shouzhi/soft/maven/repository/io/netty/netty-transport-classes-epoll/4.1.94.Final/netty-transport-classes-epoll-4.1.94.Final.jar:/Users/shouzhi/soft/maven/repository/io/netty/netty-resolver/4.1.94.Final/netty-resolver-4.1.94.Final.jar:/Users/shouzhi/soft/maven/repository/org/apache/commons/commons-csv/1.10.0/commons-csv-1.10.0.jar:/Users/shouzhi/soft/maven/repository/com/fasterxml/jackson/core/jackson-databind/2.13.5/jackson-databind-2.13.5.jar:/Users/shouzhi/soft/maven/repository/com/fasterxml/jackson/core/jackson-annotations/2.13.5/jackson-annotations-2.13.5.jar:/Users/shouzhi/soft/maven/repository/com/fasterxml/jackson/core/jackson-core/2.13.5/jackson-core-2.13.5.jar:/Users/shouzhi/soft/maven/repository/org/springframework/boot/spring-boot-starter-validation/2.7.14/spring-boot-starter-validation-2.7.14.jar:/Users/shouzhi/soft/maven/repository/org/apache/tomcat/embed/tomcat-embed-el/9.0.78/tomcat-embed-el-9.0.78.jar:/Users/shouzhi/soft/maven/repository/org/hibernate/validator/hibernate-validator/6.2.5.Final/hibernate-validator-6.2.5.Final.jar:/Users/shouzhi/soft/maven/repository/jakarta/validation/jakarta.validation-api/2.0.2/jakarta.validation-api-2.0.2.jar:/Users/shouzhi/soft/maven/repository/org/jboss/logging/jboss-logging/3.4.3.Final/jboss-logging-3.4.3.Final.jar:/Users/shouzhi/soft/maven/repository/com/fasterxml/classmate/1.5.1/classmate-1.5.1.jar:/Users/shouzhi/soft/maven/repository/org/projectlombok/lombok/1.18.28/lombok-1.18.28.jar:/Users/shouzhi/soft/maven/repository/org/springframework/boot/spring-boot-starter-test/2.7.14/spring-boot-starter-test-2.7.14.jar:/Users/shouzhi/soft/maven/repository/org/springframework/boot/spring-boot-test/2.7.14/spring-boot-test-2.7.14.jar:/Users/shouzhi/soft/maven/repository/org/springframework/boot/spring-boot-test-autoconfigure/2.7.14/spring-boot-test-autoconfigure-2.7.14.jar:/Users/shouzhi/soft/maven/repository/com/jayway/jsonpath/json-path/2.7.0/json-path-2.7.0.jar:/Users/shouzhi/soft/maven/repository/net/minidev/json-smart/2.4.11/json-smart-2.4.11.jar:/Users/shouzhi/soft/maven/repository/net/minidev/accessors-smart/2.4.11/accessors-smart-2.4.11.jar:/Users/shouzhi/soft/maven/repository/org/ow2/asm/asm/9.3/asm-9.3.jar:/Users/shouzhi/soft/maven/repository/jakarta/xml/bind/jakarta.xml.bind-api/2.3.3/jakarta.xml.bind-api-2.3.3.jar:/Users/shouzhi/soft/maven/repository/jakarta/activation/jakarta.activation-api/1.2.2/jakarta.activation-api-1.2.2.jar:/Users/shouzhi/soft/maven/repository/org/assertj/assertj-core/3.22.0/assertj-core-3.22.0.jar:/Users/shouzhi/soft/maven/repository/org/hamcrest/hamcrest/2.2/hamcrest-2.2.jar:/Users/shouzhi/soft/maven/repository/org/junit/jupiter/junit-jupiter/5.8.2/junit-jupiter-5.8.2.jar:/Users/shouzhi/soft/maven/repository/org/junit/jupiter/junit-jupiter-api/5.8.2/junit-jupiter-api-5.8.2.jar:/Users/shouzhi/soft/maven/repository/org/opentest4j/opentest4j/1.2.0/opentest4j-1.2.0.jar:/Users/shouzhi/soft/maven/repository/org/junit/platform/junit-platform-commons/1.8.2/junit-platform-commons-1.8.2.jar:/Users/shouzhi/soft/maven/repository/org/apiguardian/apiguardian-api/1.1.2/apiguardian-api-1.1.2.jar:/Users/shouzhi/soft/maven/repository/org/junit/jupiter/junit-jupiter-params/5.8.2/junit-jupiter-params-5.8.2.jar:/Users/shouzhi/soft/maven/repository/org/junit/jupiter/junit-jupiter-engine/5.8.2/junit-jupiter-engine-5.8.2.jar:/Users/shouzhi/soft/maven/repository/org/junit/platform/junit-platform-engine/1.8.2/junit-platform-engine-1.8.2.jar:/Users/shouzhi/soft/maven/repository/org/mockito/mockito-core/4.5.1/mockito-core-4.5.1.jar:/Users/shouzhi/soft/maven/repository/net/bytebuddy/byte-buddy/1.12.23/byte-buddy-1.12.23.jar:/Users/shouzhi/soft/maven/repository/net/bytebuddy/byte-buddy-agent/1.12.23/byte-buddy-agent-1.12.23.jar:/Users/shouzhi/soft/maven/repository/org/objenesis/objenesis/3.2/objenesis-3.2.jar:/Users/shouzhi/soft/maven/repository/org/mockito/mockito-junit-jupiter/4.5.1/mockito-junit-jupiter-4.5.1.jar:/Users/shouzhi/soft/maven/repository/org/skyscreamer/jsonassert/1.5.1/jsonassert-1.5.1.jar:/Users/shouzhi/soft/maven/repository/com/vaadin/external/google/android-json/0.0.20131108.vaadin1/android-json-0.0.20131108.vaadin1.jar:/Users/shouzhi/soft/maven/repository/org/springframework/spring-core/5.3.29/spring-core-5.3.29.jar:/Users/shouzhi/soft/maven/repository/org/springframework/spring-jcl/5.3.29/spring-jcl-5.3.29.jar:/Users/shouzhi/soft/maven/repository/org/springframework/spring-test/5.3.29/spring-test-5.3.29.jar:/Users/shouzhi/soft/maven/repository/org/xmlunit/xmlunit-core/2.9.1/xmlunit-core-2.9.1.jar:"/>
    <property name="sun.cpu.endian" value="little"/>
    <property name="user.home" value="/Users/shouzhi"/>
    <property name="user.language" value="zh"/>
    <property name="java.specification.vendor" value="Oracle Corporation"/>
    <property name="java.version.date" value="2024-07-16"/>
    <property name="java.home" value="/Users/shouzhi/soft/jdk/graalvm-jdk-17.0.12/Contents/Home"/>
    <property name="file.separator" value="/"/>
    <property name="https.proxyHost" value="127.0.0.1"/>
    <property name="basedir" value="/Users/shouzhi/temp/trae-work/s3-duckdb"/>
    <property name="java.vm.compressedOopsMode" value="Zero based"/>
    <property name="jdk.internal.vm.ci.enabled" value="true"/>
    <property name="line.separator" value="&#10;"/>
    <property name="java.vm.specification.vendor" value="Oracle Corporation"/>
    <property name="java.specification.name" value="Java Platform API Specification"/>
    <property name="apple.awt.application.name" value="ForkedBooter"/>
    <property name="surefire.real.class.path" value="/Users/shouzhi/temp/trae-work/s3-duckdb/target/surefire/surefirebooter13013933759894693142.jar"/>
    <property name="user.script" value="Hans"/>
    <property name="sun.management.compiler" value="HotSpot 64-Bit Tiered Compilers"/>
    <property name="ftp.nonProxyHosts" value="weather-data.apple.com|*.weather-data.apple.com|gateway.icloud.com.cn|*.gateway.icloud.com.cn|193.168.0.0/24|*.193.168.0.0/24|localhost|*.localhost|icloud.com.cn|*.icloud.com.cn|172.16.0.0/12|*.172.16.0.0/12|api.smoot.apple.com|*.api.smoot.apple.com|captive.apple.com|*.captive.apple.com|guzzoni.apple.com|*.guzzoni.apple.com|ocsp.apple.com|*.ocsp.apple.com|smoot.apple.cn|*.smoot.apple.cn|push-apple.com.akadns.net|*.push-apple.com.akadns.net|xp.apple.com|*.xp.apple.com|local|*.local|smp-device-content.apple.com|*.smp-device-content.apple.com|127.0.0.1|192.168.0.0/16|*.192.168.0.0/16|10.0.0.0/8|*.10.0.0.0/8|gateway.icloud.com|*.gateway.icloud.com|100.64.0.0/10|*.100.64.0.0/10|inappcheck.itunes.apple.com|*.inappcheck.itunes.apple.com|17.0.0.0/8|*.17.0.0.0/8|configuration.apple.com|*.configuration.apple.com|push.apple.com|*.push.apple.com|valid.apple.com|*.valid.apple.com|health.apple.com|*.health.apple.com|ess.apple.com|*.ess.apple.com"/>
    <property name="java.runtime.version" value="17.0.12+8-LTS-jvmci-23.0-b41"/>
    <property name="user.name" value="shouzhi"/>
    <property name="path.separator" value=":"/>
    <property name="os.version" value="15.5"/>
    <property name="java.runtime.name" value="Java(TM) SE Runtime Environment"/>
    <property name="file.encoding" value="UTF-8"/>
    <property name="java.vm.name" value="Java HotSpot(TM) 64-Bit Server VM"/>
    <property name="java.vendor.version" value="Oracle GraalVM 17.0.12+8.1"/>
    <property name="localRepository" value="/Users/shouzhi/soft/maven/repository"/>
    <property name="java.vendor.url.bug" value="https://bugreport.java.com/bugreport/"/>
    <property name="java.io.tmpdir" value="/var/folders/y4/14_hp4ln1fb08pd1hq2my84w0000gn/T/"/>
    <property name="java.version" value="17.0.12"/>
    <property name="user.dir" value="/Users/shouzhi/temp/trae-work/s3-duckdb"/>
    <property name="os.arch" value="aarch64"/>
    <property name="socksProxyPort" value="8119"/>
    <property name="java.vm.specification.name" value="Java Virtual Machine Specification"/>
    <property name="native.encoding" value="UTF-8"/>
    <property name="java.library.path" value="/Users/shouzhi/Library/Java/Extensions:/Library/Java/Extensions:/Network/Library/Java/Extensions:/System/Library/Java/Extensions:/usr/lib/java:."/>
    <property name="java.vm.info" value="mixed mode, sharing"/>
    <property name="java.vendor" value="Oracle Corporation"/>
    <property name="java.vm.version" value="17.0.12+8-LTS-jvmci-23.0-b41"/>
    <property name="sun.io.unicode.encoding" value="UnicodeBig"/>
    <property name="socksNonProxyHosts" value="weather-data.apple.com|*.weather-data.apple.com|gateway.icloud.com.cn|*.gateway.icloud.com.cn|193.168.0.0/24|*.193.168.0.0/24|localhost|*.localhost|icloud.com.cn|*.icloud.com.cn|172.16.0.0/12|*.172.16.0.0/12|api.smoot.apple.com|*.api.smoot.apple.com|captive.apple.com|*.captive.apple.com|guzzoni.apple.com|*.guzzoni.apple.com|ocsp.apple.com|*.ocsp.apple.com|smoot.apple.cn|*.smoot.apple.cn|push-apple.com.akadns.net|*.push-apple.com.akadns.net|xp.apple.com|*.xp.apple.com|local|*.local|smp-device-content.apple.com|*.smp-device-content.apple.com|127.0.0.1|192.168.0.0/16|*.192.168.0.0/16|10.0.0.0/8|*.10.0.0.0/8|gateway.icloud.com|*.gateway.icloud.com|100.64.0.0/10|*.100.64.0.0/10|inappcheck.itunes.apple.com|*.inappcheck.itunes.apple.com|17.0.0.0/8|*.17.0.0.0/8|configuration.apple.com|*.configuration.apple.com|push.apple.com|*.push.apple.com|valid.apple.com|*.valid.apple.com|health.apple.com|*.health.apple.com|ess.apple.com|*.ess.apple.com"/>
    <property name="java.class.version" value="61.0"/>
    <property name="http.proxyPort" value="8118"/>
  </properties>
  <testcase name="contextLoads" classname="com.example.s3duckdb.S3DuckDbApplicationTests" time="0.159"/>
</testsuite>