<?xml version="1.0" encoding="UTF-8"?>
<testsuite xmlns:xsi="http://www.w3.org/2001/XMLSchema-instance" xsi:noNamespaceSchemaLocation="https://maven.apache.org/surefire/maven-surefire-plugin/xsd/surefire-test-report-3.0.xsd" version="3.0" name="com.example.httpclient.service.FileTransferServiceTest" time="4.692" tests="12" errors="0" skipped="0" failures="0">
  <properties>
    <property name="socksProxyHost" value="127.0.0.1"/>
    <property name="http.proxyHost" value="127.0.0.1"/>
    <property name="java.specification.version" value="17"/>
    <property name="sun.jnu.encoding" value="UTF-8"/>
    <property name="java.class.path" value="/Users/shouzhi/temp/trae-work/http-client/target/test-classes:/Users/shouzhi/temp/trae-work/http-client/target/classes:/Users/shouzhi/soft/maven/repository/org/springframework/boot/spring-boot-starter-web/3.2.0/spring-boot-starter-web-3.2.0.jar:/Users/shouzhi/soft/maven/repository/org/springframework/boot/spring-boot-starter/3.2.0/spring-boot-starter-3.2.0.jar:/Users/shouzhi/soft/maven/repository/org/springframework/boot/spring-boot/3.2.0/spring-boot-3.2.0.jar:/Users/shouzhi/soft/maven/repository/org/springframework/boot/spring-boot-autoconfigure/3.2.0/spring-boot-autoconfigure-3.2.0.jar:/Users/shouzhi/soft/maven/repository/org/springframework/boot/spring-boot-starter-logging/3.2.0/spring-boot-starter-logging-3.2.0.jar:/Users/shouzhi/soft/maven/repository/ch/qos/logback/logback-classic/1.4.11/logback-classic-1.4.11.jar:/Users/shouzhi/soft/maven/repository/ch/qos/logback/logback-core/1.4.11/logback-core-1.4.11.jar:/Users/shouzhi/soft/maven/repository/org/apache/logging/log4j/log4j-to-slf4j/2.21.1/log4j-to-slf4j-2.21.1.jar:/Users/shouzhi/soft/maven/repository/org/apache/logging/log4j/log4j-api/2.21.1/log4j-api-2.21.1.jar:/Users/shouzhi/soft/maven/repository/org/slf4j/jul-to-slf4j/2.0.9/jul-to-slf4j-2.0.9.jar:/Users/shouzhi/soft/maven/repository/jakarta/annotation/jakarta.annotation-api/2.1.1/jakarta.annotation-api-2.1.1.jar:/Users/shouzhi/soft/maven/repository/org/yaml/snakeyaml/2.2/snakeyaml-2.2.jar:/Users/shouzhi/soft/maven/repository/org/springframework/boot/spring-boot-starter-json/3.2.0/spring-boot-starter-json-3.2.0.jar:/Users/shouzhi/soft/maven/repository/com/fasterxml/jackson/datatype/jackson-datatype-jdk8/2.15.3/jackson-datatype-jdk8-2.15.3.jar:/Users/shouzhi/soft/maven/repository/com/fasterxml/jackson/datatype/jackson-datatype-jsr310/2.15.3/jackson-datatype-jsr310-2.15.3.jar:/Users/shouzhi/soft/maven/repository/com/fasterxml/jackson/module/jackson-module-parameter-names/2.15.3/jackson-module-parameter-names-2.15.3.jar:/Users/shouzhi/soft/maven/repository/org/springframework/boot/spring-boot-starter-tomcat/3.2.0/spring-boot-starter-tomcat-3.2.0.jar:/Users/shouzhi/soft/maven/repository/org/apache/tomcat/embed/tomcat-embed-core/10.1.16/tomcat-embed-core-10.1.16.jar:/Users/shouzhi/soft/maven/repository/org/apache/tomcat/embed/tomcat-embed-websocket/10.1.16/tomcat-embed-websocket-10.1.16.jar:/Users/shouzhi/soft/maven/repository/org/springframework/spring-web/6.1.1/spring-web-6.1.1.jar:/Users/shouzhi/soft/maven/repository/org/springframework/spring-beans/6.1.1/spring-beans-6.1.1.jar:/Users/shouzhi/soft/maven/repository/io/micrometer/micrometer-observation/1.12.0/micrometer-observation-1.12.0.jar:/Users/shouzhi/soft/maven/repository/io/micrometer/micrometer-commons/1.12.0/micrometer-commons-1.12.0.jar:/Users/shouzhi/soft/maven/repository/org/springframework/spring-webmvc/6.1.1/spring-webmvc-6.1.1.jar:/Users/shouzhi/soft/maven/repository/org/springframework/spring-aop/6.1.1/spring-aop-6.1.1.jar:/Users/shouzhi/soft/maven/repository/org/springframework/spring-context/6.1.1/spring-context-6.1.1.jar:/Users/shouzhi/soft/maven/repository/org/springframework/spring-expression/6.1.1/spring-expression-6.1.1.jar:/Users/shouzhi/soft/maven/repository/org/springframework/boot/spring-boot-starter-webflux/3.2.0/spring-boot-starter-webflux-3.2.0.jar:/Users/shouzhi/soft/maven/repository/org/springframework/boot/spring-boot-starter-reactor-netty/3.2.0/spring-boot-starter-reactor-netty-3.2.0.jar:/Users/shouzhi/soft/maven/repository/io/projectreactor/netty/reactor-netty-http/1.1.13/reactor-netty-http-1.1.13.jar:/Users/shouzhi/soft/maven/repository/io/netty/netty-codec-http/4.1.101.Final/netty-codec-http-4.1.101.Final.jar:/Users/shouzhi/soft/maven/repository/io/netty/netty-common/4.1.101.Final/netty-common-4.1.101.Final.jar:/Users/shouzhi/soft/maven/repository/io/netty/netty-buffer/4.1.101.Final/netty-buffer-4.1.101.Final.jar:/Users/shouzhi/soft/maven/repository/io/netty/netty-transport/4.1.101.Final/netty-transport-4.1.101.Final.jar:/Users/shouzhi/soft/maven/repository/io/netty/netty-codec/4.1.101.Final/netty-codec-4.1.101.Final.jar:/Users/shouzhi/soft/maven/repository/io/netty/netty-handler/4.1.101.Final/netty-handler-4.1.101.Final.jar:/Users/shouzhi/soft/maven/repository/io/netty/netty-codec-http2/4.1.101.Final/netty-codec-http2-4.1.101.Final.jar:/Users/shouzhi/soft/maven/repository/io/netty/netty-resolver-dns/4.1.101.Final/netty-resolver-dns-4.1.101.Final.jar:/Users/shouzhi/soft/maven/repository/io/netty/netty-resolver/4.1.101.Final/netty-resolver-4.1.101.Final.jar:/Users/shouzhi/soft/maven/repository/io/netty/netty-codec-dns/4.1.101.Final/netty-codec-dns-4.1.101.Final.jar:/Users/shouzhi/soft/maven/repository/io/netty/netty-resolver-dns-native-macos/4.1.101.Final/netty-resolver-dns-native-macos-4.1.101.Final-osx-x86_64.jar:/Users/shouzhi/soft/maven/repository/io/netty/netty-resolver-dns-classes-macos/4.1.101.Final/netty-resolver-dns-classes-macos-4.1.101.Final.jar:/Users/shouzhi/soft/maven/repository/io/netty/netty-transport-native-epoll/4.1.101.Final/netty-transport-native-epoll-4.1.101.Final-linux-x86_64.jar:/Users/shouzhi/soft/maven/repository/io/netty/netty-transport-native-unix-common/4.1.101.Final/netty-transport-native-unix-common-4.1.101.Final.jar:/Users/shouzhi/soft/maven/repository/io/netty/netty-transport-classes-epoll/4.1.101.Final/netty-transport-classes-epoll-4.1.101.Final.jar:/Users/shouzhi/soft/maven/repository/io/projectreactor/netty/reactor-netty-core/1.1.13/reactor-netty-core-1.1.13.jar:/Users/shouzhi/soft/maven/repository/io/netty/netty-handler-proxy/4.1.101.Final/netty-handler-proxy-4.1.101.Final.jar:/Users/shouzhi/soft/maven/repository/io/netty/netty-codec-socks/4.1.101.Final/netty-codec-socks-4.1.101.Final.jar:/Users/shouzhi/soft/maven/repository/org/springframework/spring-webflux/6.1.1/spring-webflux-6.1.1.jar:/Users/shouzhi/soft/maven/repository/io/projectreactor/reactor-core/3.6.0/reactor-core-3.6.0.jar:/Users/shouzhi/soft/maven/repository/org/reactivestreams/reactive-streams/1.0.4/reactive-streams-1.0.4.jar:/Users/shouzhi/soft/maven/repository/com/squareup/okhttp3/okhttp/4.12.0/okhttp-4.12.0.jar:/Users/shouzhi/soft/maven/repository/com/squareup/okio/okio/3.6.0/okio-3.6.0.jar:/Users/shouzhi/soft/maven/repository/com/squareup/okio/okio-jvm/3.6.0/okio-jvm-3.6.0.jar:/Users/shouzhi/soft/maven/repository/org/jetbrains/kotlin/kotlin-stdlib-common/1.9.20/kotlin-stdlib-common-1.9.20.jar:/Users/shouzhi/soft/maven/repository/org/jetbrains/kotlin/kotlin-stdlib-jdk8/1.9.20/kotlin-stdlib-jdk8-1.9.20.jar:/Users/shouzhi/soft/maven/repository/org/jetbrains/kotlin/kotlin-stdlib/1.9.20/kotlin-stdlib-1.9.20.jar:/Users/shouzhi/soft/maven/repository/org/jetbrains/annotations/13.0/annotations-13.0.jar:/Users/shouzhi/soft/maven/repository/org/jetbrains/kotlin/kotlin-stdlib-jdk7/1.9.20/kotlin-stdlib-jdk7-1.9.20.jar:/Users/shouzhi/soft/maven/repository/com/fasterxml/jackson/core/jackson-databind/2.15.2/jackson-databind-2.15.2.jar:/Users/shouzhi/soft/maven/repository/com/fasterxml/jackson/core/jackson-annotations/2.15.3/jackson-annotations-2.15.3.jar:/Users/shouzhi/soft/maven/repository/com/fasterxml/jackson/core/jackson-core/2.15.3/jackson-core-2.15.3.jar:/Users/shouzhi/soft/maven/repository/commons-io/commons-io/2.11.0/commons-io-2.11.0.jar:/Users/shouzhi/soft/maven/repository/org/springframework/boot/spring-boot-starter-validation/3.2.0/spring-boot-starter-validation-3.2.0.jar:/Users/shouzhi/soft/maven/repository/org/apache/tomcat/embed/tomcat-embed-el/10.1.16/tomcat-embed-el-10.1.16.jar:/Users/shouzhi/soft/maven/repository/org/hibernate/validator/hibernate-validator/8.0.1.Final/hibernate-validator-8.0.1.Final.jar:/Users/shouzhi/soft/maven/repository/jakarta/validation/jakarta.validation-api/3.0.2/jakarta.validation-api-3.0.2.jar:/Users/shouzhi/soft/maven/repository/org/jboss/logging/jboss-logging/3.5.3.Final/jboss-logging-3.5.3.Final.jar:/Users/shouzhi/soft/maven/repository/com/fasterxml/classmate/1.6.0/classmate-1.6.0.jar:/Users/shouzhi/soft/maven/repository/org/springframework/boot/spring-boot-configuration-processor/3.2.0/spring-boot-configuration-processor-3.2.0.jar:/Users/shouzhi/soft/maven/repository/org/springframework/boot/spring-boot-starter-test/3.2.0/spring-boot-starter-test-3.2.0.jar:/Users/shouzhi/soft/maven/repository/org/springframework/boot/spring-boot-test/3.2.0/spring-boot-test-3.2.0.jar:/Users/shouzhi/soft/maven/repository/org/springframework/boot/spring-boot-test-autoconfigure/3.2.0/spring-boot-test-autoconfigure-3.2.0.jar:/Users/shouzhi/soft/maven/repository/com/jayway/jsonpath/json-path/2.8.0/json-path-2.8.0.jar:/Users/shouzhi/soft/maven/repository/org/slf4j/slf4j-api/2.0.9/slf4j-api-2.0.9.jar:/Users/shouzhi/soft/maven/repository/jakarta/xml/bind/jakarta.xml.bind-api/4.0.1/jakarta.xml.bind-api-4.0.1.jar:/Users/shouzhi/soft/maven/repository/jakarta/activation/jakarta.activation-api/2.1.2/jakarta.activation-api-2.1.2.jar:/Users/shouzhi/soft/maven/repository/net/minidev/json-smart/2.5.0/json-smart-2.5.0.jar:/Users/shouzhi/soft/maven/repository/net/minidev/accessors-smart/2.5.0/accessors-smart-2.5.0.jar:/Users/shouzhi/soft/maven/repository/org/ow2/asm/asm/9.3/asm-9.3.jar:/Users/shouzhi/soft/maven/repository/org/assertj/assertj-core/3.24.2/assertj-core-3.24.2.jar:/Users/shouzhi/soft/maven/repository/net/bytebuddy/byte-buddy/1.14.10/byte-buddy-1.14.10.jar:/Users/shouzhi/soft/maven/repository/org/awaitility/awaitility/4.2.0/awaitility-4.2.0.jar:/Users/shouzhi/soft/maven/repository/org/hamcrest/hamcrest/2.2/hamcrest-2.2.jar:/Users/shouzhi/soft/maven/repository/org/junit/jupiter/junit-jupiter/5.10.1/junit-jupiter-5.10.1.jar:/Users/shouzhi/soft/maven/repository/org/junit/jupiter/junit-jupiter-api/5.10.1/junit-jupiter-api-5.10.1.jar:/Users/shouzhi/soft/maven/repository/org/opentest4j/opentest4j/1.3.0/opentest4j-1.3.0.jar:/Users/shouzhi/soft/maven/repository/org/junit/platform/junit-platform-commons/1.10.1/junit-platform-commons-1.10.1.jar:/Users/shouzhi/soft/maven/repository/org/apiguardian/apiguardian-api/1.1.2/apiguardian-api-1.1.2.jar:/Users/shouzhi/soft/maven/repository/org/junit/jupiter/junit-jupiter-params/5.10.1/junit-jupiter-params-5.10.1.jar:/Users/shouzhi/soft/maven/repository/org/junit/jupiter/junit-jupiter-engine/5.10.1/junit-jupiter-engine-5.10.1.jar:/Users/shouzhi/soft/maven/repository/org/junit/platform/junit-platform-engine/1.10.1/junit-platform-engine-1.10.1.jar:/Users/shouzhi/soft/maven/repository/org/mockito/mockito-core/5.7.0/mockito-core-5.7.0.jar:/Users/shouzhi/soft/maven/repository/net/bytebuddy/byte-buddy-agent/1.14.10/byte-buddy-agent-1.14.10.jar:/Users/shouzhi/soft/maven/repository/org/objenesis/objenesis/3.3/objenesis-3.3.jar:/Users/shouzhi/soft/maven/repository/org/mockito/mockito-junit-jupiter/5.7.0/mockito-junit-jupiter-5.7.0.jar:/Users/shouzhi/soft/maven/repository/org/skyscreamer/jsonassert/1.5.1/jsonassert-1.5.1.jar:/Users/shouzhi/soft/maven/repository/com/vaadin/external/google/android-json/0.0.20131108.vaadin1/android-json-0.0.20131108.vaadin1.jar:/Users/shouzhi/soft/maven/repository/org/springframework/spring-core/6.1.1/spring-core-6.1.1.jar:/Users/shouzhi/soft/maven/repository/org/springframework/spring-jcl/6.1.1/spring-jcl-6.1.1.jar:/Users/shouzhi/soft/maven/repository/org/springframework/spring-test/6.1.1/spring-test-6.1.1.jar:/Users/shouzhi/soft/maven/repository/org/xmlunit/xmlunit-core/2.9.1/xmlunit-core-2.9.1.jar:/Users/shouzhi/soft/maven/repository/com/github/tomakehurst/wiremock-jre8-standalone/2.35.0/wiremock-jre8-standalone-2.35.0.jar:"/>
    <property name="LOGBACK_ROLLINGPOLICY_MAX_FILE_SIZE" value="10485760"/>
    <property name="https.proxyPort" value="8118"/>
    <property name="java.vm.vendor" value="Oracle Corporation"/>
    <property name="sun.arch.data.model" value="64"/>
    <property name="java.vendor.url" value="https://java.oracle.com/"/>
    <property name="user.timezone" value="Asia/Shanghai"/>
    <property name="org.jboss.logging.provider" value="slf4j"/>
    <property name="java.vm.specification.version" value="17"/>
    <property name="os.name" value="Mac OS X"/>
    <property name="sun.java.launcher" value="SUN_STANDARD"/>
    <property name="user.country" value="CN"/>
    <property name="sun.boot.library.path" value="/Users/shouzhi/soft/jdk/graalvm-jdk-17.0.12/Contents/Home/lib"/>
    <property name="sun.java.command" value="/Users/shouzhi/temp/trae-work/http-client/target/surefire/surefirebooter-20250603153202579_3.jar /Users/shouzhi/temp/trae-work/http-client/target/surefire 2025-06-03T15-32-02_517-jvmRun1 surefire-20250603153202579_1tmp surefire_0-20250603153202579_2tmp"/>
    <property name="http.nonProxyHosts" value="weather-data.apple.com|*.weather-data.apple.com|gateway.icloud.com.cn|*.gateway.icloud.com.cn|193.168.0.0/24|*.193.168.0.0/24|localhost|*.localhost|icloud.com.cn|*.icloud.com.cn|172.16.0.0/12|*.172.16.0.0/12|api.smoot.apple.com|*.api.smoot.apple.com|captive.apple.com|*.captive.apple.com|guzzoni.apple.com|*.guzzoni.apple.com|ocsp.apple.com|*.ocsp.apple.com|smoot.apple.cn|*.smoot.apple.cn|push-apple.com.akadns.net|*.push-apple.com.akadns.net|xp.apple.com|*.xp.apple.com|local|*.local|smp-device-content.apple.com|*.smp-device-content.apple.com|127.0.0.1|192.168.0.0/16|*.192.168.0.0/16|10.0.0.0/8|*.10.0.0.0/8|gateway.icloud.com|*.gateway.icloud.com|100.64.0.0/10|*.100.64.0.0/10|inappcheck.itunes.apple.com|*.inappcheck.itunes.apple.com|17.0.0.0/8|*.17.0.0.0/8|configuration.apple.com|*.configuration.apple.com|push.apple.com|*.push.apple.com|valid.apple.com|*.valid.apple.com|health.apple.com|*.health.apple.com|ess.apple.com|*.ess.apple.com"/>
    <property name="jdk.debug" value="release"/>
    <property name="surefire.test.class.path" value="/Users/shouzhi/temp/trae-work/http-client/target/test-classes:/Users/shouzhi/temp/trae-work/http-client/target/classes:/Users/shouzhi/soft/maven/repository/org/springframework/boot/spring-boot-starter-web/3.2.0/spring-boot-starter-web-3.2.0.jar:/Users/shouzhi/soft/maven/repository/org/springframework/boot/spring-boot-starter/3.2.0/spring-boot-starter-3.2.0.jar:/Users/shouzhi/soft/maven/repository/org/springframework/boot/spring-boot/3.2.0/spring-boot-3.2.0.jar:/Users/shouzhi/soft/maven/repository/org/springframework/boot/spring-boot-autoconfigure/3.2.0/spring-boot-autoconfigure-3.2.0.jar:/Users/shouzhi/soft/maven/repository/org/springframework/boot/spring-boot-starter-logging/3.2.0/spring-boot-starter-logging-3.2.0.jar:/Users/shouzhi/soft/maven/repository/ch/qos/logback/logback-classic/1.4.11/logback-classic-1.4.11.jar:/Users/shouzhi/soft/maven/repository/ch/qos/logback/logback-core/1.4.11/logback-core-1.4.11.jar:/Users/shouzhi/soft/maven/repository/org/apache/logging/log4j/log4j-to-slf4j/2.21.1/log4j-to-slf4j-2.21.1.jar:/Users/shouzhi/soft/maven/repository/org/apache/logging/log4j/log4j-api/2.21.1/log4j-api-2.21.1.jar:/Users/shouzhi/soft/maven/repository/org/slf4j/jul-to-slf4j/2.0.9/jul-to-slf4j-2.0.9.jar:/Users/shouzhi/soft/maven/repository/jakarta/annotation/jakarta.annotation-api/2.1.1/jakarta.annotation-api-2.1.1.jar:/Users/shouzhi/soft/maven/repository/org/yaml/snakeyaml/2.2/snakeyaml-2.2.jar:/Users/shouzhi/soft/maven/repository/org/springframework/boot/spring-boot-starter-json/3.2.0/spring-boot-starter-json-3.2.0.jar:/Users/shouzhi/soft/maven/repository/com/fasterxml/jackson/datatype/jackson-datatype-jdk8/2.15.3/jackson-datatype-jdk8-2.15.3.jar:/Users/shouzhi/soft/maven/repository/com/fasterxml/jackson/datatype/jackson-datatype-jsr310/2.15.3/jackson-datatype-jsr310-2.15.3.jar:/Users/shouzhi/soft/maven/repository/com/fasterxml/jackson/module/jackson-module-parameter-names/2.15.3/jackson-module-parameter-names-2.15.3.jar:/Users/shouzhi/soft/maven/repository/org/springframework/boot/spring-boot-starter-tomcat/3.2.0/spring-boot-starter-tomcat-3.2.0.jar:/Users/shouzhi/soft/maven/repository/org/apache/tomcat/embed/tomcat-embed-core/10.1.16/tomcat-embed-core-10.1.16.jar:/Users/shouzhi/soft/maven/repository/org/apache/tomcat/embed/tomcat-embed-websocket/10.1.16/tomcat-embed-websocket-10.1.16.jar:/Users/shouzhi/soft/maven/repository/org/springframework/spring-web/6.1.1/spring-web-6.1.1.jar:/Users/shouzhi/soft/maven/repository/org/springframework/spring-beans/6.1.1/spring-beans-6.1.1.jar:/Users/shouzhi/soft/maven/repository/io/micrometer/micrometer-observation/1.12.0/micrometer-observation-1.12.0.jar:/Users/shouzhi/soft/maven/repository/io/micrometer/micrometer-commons/1.12.0/micrometer-commons-1.12.0.jar:/Users/shouzhi/soft/maven/repository/org/springframework/spring-webmvc/6.1.1/spring-webmvc-6.1.1.jar:/Users/shouzhi/soft/maven/repository/org/springframework/spring-aop/6.1.1/spring-aop-6.1.1.jar:/Users/shouzhi/soft/maven/repository/org/springframework/spring-context/6.1.1/spring-context-6.1.1.jar:/Users/shouzhi/soft/maven/repository/org/springframework/spring-expression/6.1.1/spring-expression-6.1.1.jar:/Users/shouzhi/soft/maven/repository/org/springframework/boot/spring-boot-starter-webflux/3.2.0/spring-boot-starter-webflux-3.2.0.jar:/Users/shouzhi/soft/maven/repository/org/springframework/boot/spring-boot-starter-reactor-netty/3.2.0/spring-boot-starter-reactor-netty-3.2.0.jar:/Users/shouzhi/soft/maven/repository/io/projectreactor/netty/reactor-netty-http/1.1.13/reactor-netty-http-1.1.13.jar:/Users/shouzhi/soft/maven/repository/io/netty/netty-codec-http/4.1.101.Final/netty-codec-http-4.1.101.Final.jar:/Users/shouzhi/soft/maven/repository/io/netty/netty-common/4.1.101.Final/netty-common-4.1.101.Final.jar:/Users/shouzhi/soft/maven/repository/io/netty/netty-buffer/4.1.101.Final/netty-buffer-4.1.101.Final.jar:/Users/shouzhi/soft/maven/repository/io/netty/netty-transport/4.1.101.Final/netty-transport-4.1.101.Final.jar:/Users/shouzhi/soft/maven/repository/io/netty/netty-codec/4.1.101.Final/netty-codec-4.1.101.Final.jar:/Users/shouzhi/soft/maven/repository/io/netty/netty-handler/4.1.101.Final/netty-handler-4.1.101.Final.jar:/Users/shouzhi/soft/maven/repository/io/netty/netty-codec-http2/4.1.101.Final/netty-codec-http2-4.1.101.Final.jar:/Users/shouzhi/soft/maven/repository/io/netty/netty-resolver-dns/4.1.101.Final/netty-resolver-dns-4.1.101.Final.jar:/Users/shouzhi/soft/maven/repository/io/netty/netty-resolver/4.1.101.Final/netty-resolver-4.1.101.Final.jar:/Users/shouzhi/soft/maven/repository/io/netty/netty-codec-dns/4.1.101.Final/netty-codec-dns-4.1.101.Final.jar:/Users/shouzhi/soft/maven/repository/io/netty/netty-resolver-dns-native-macos/4.1.101.Final/netty-resolver-dns-native-macos-4.1.101.Final-osx-x86_64.jar:/Users/shouzhi/soft/maven/repository/io/netty/netty-resolver-dns-classes-macos/4.1.101.Final/netty-resolver-dns-classes-macos-4.1.101.Final.jar:/Users/shouzhi/soft/maven/repository/io/netty/netty-transport-native-epoll/4.1.101.Final/netty-transport-native-epoll-4.1.101.Final-linux-x86_64.jar:/Users/shouzhi/soft/maven/repository/io/netty/netty-transport-native-unix-common/4.1.101.Final/netty-transport-native-unix-common-4.1.101.Final.jar:/Users/shouzhi/soft/maven/repository/io/netty/netty-transport-classes-epoll/4.1.101.Final/netty-transport-classes-epoll-4.1.101.Final.jar:/Users/shouzhi/soft/maven/repository/io/projectreactor/netty/reactor-netty-core/1.1.13/reactor-netty-core-1.1.13.jar:/Users/shouzhi/soft/maven/repository/io/netty/netty-handler-proxy/4.1.101.Final/netty-handler-proxy-4.1.101.Final.jar:/Users/shouzhi/soft/maven/repository/io/netty/netty-codec-socks/4.1.101.Final/netty-codec-socks-4.1.101.Final.jar:/Users/shouzhi/soft/maven/repository/org/springframework/spring-webflux/6.1.1/spring-webflux-6.1.1.jar:/Users/shouzhi/soft/maven/repository/io/projectreactor/reactor-core/3.6.0/reactor-core-3.6.0.jar:/Users/shouzhi/soft/maven/repository/org/reactivestreams/reactive-streams/1.0.4/reactive-streams-1.0.4.jar:/Users/shouzhi/soft/maven/repository/com/squareup/okhttp3/okhttp/4.12.0/okhttp-4.12.0.jar:/Users/shouzhi/soft/maven/repository/com/squareup/okio/okio/3.6.0/okio-3.6.0.jar:/Users/shouzhi/soft/maven/repository/com/squareup/okio/okio-jvm/3.6.0/okio-jvm-3.6.0.jar:/Users/shouzhi/soft/maven/repository/org/jetbrains/kotlin/kotlin-stdlib-common/1.9.20/kotlin-stdlib-common-1.9.20.jar:/Users/shouzhi/soft/maven/repository/org/jetbrains/kotlin/kotlin-stdlib-jdk8/1.9.20/kotlin-stdlib-jdk8-1.9.20.jar:/Users/shouzhi/soft/maven/repository/org/jetbrains/kotlin/kotlin-stdlib/1.9.20/kotlin-stdlib-1.9.20.jar:/Users/shouzhi/soft/maven/repository/org/jetbrains/annotations/13.0/annotations-13.0.jar:/Users/shouzhi/soft/maven/repository/org/jetbrains/kotlin/kotlin-stdlib-jdk7/1.9.20/kotlin-stdlib-jdk7-1.9.20.jar:/Users/shouzhi/soft/maven/repository/com/fasterxml/jackson/core/jackson-databind/2.15.2/jackson-databind-2.15.2.jar:/Users/shouzhi/soft/maven/repository/com/fasterxml/jackson/core/jackson-annotations/2.15.3/jackson-annotations-2.15.3.jar:/Users/shouzhi/soft/maven/repository/com/fasterxml/jackson/core/jackson-core/2.15.3/jackson-core-2.15.3.jar:/Users/shouzhi/soft/maven/repository/commons-io/commons-io/2.11.0/commons-io-2.11.0.jar:/Users/shouzhi/soft/maven/repository/org/springframework/boot/spring-boot-starter-validation/3.2.0/spring-boot-starter-validation-3.2.0.jar:/Users/shouzhi/soft/maven/repository/org/apache/tomcat/embed/tomcat-embed-el/10.1.16/tomcat-embed-el-10.1.16.jar:/Users/shouzhi/soft/maven/repository/org/hibernate/validator/hibernate-validator/8.0.1.Final/hibernate-validator-8.0.1.Final.jar:/Users/shouzhi/soft/maven/repository/jakarta/validation/jakarta.validation-api/3.0.2/jakarta.validation-api-3.0.2.jar:/Users/shouzhi/soft/maven/repository/org/jboss/logging/jboss-logging/3.5.3.Final/jboss-logging-3.5.3.Final.jar:/Users/shouzhi/soft/maven/repository/com/fasterxml/classmate/1.6.0/classmate-1.6.0.jar:/Users/shouzhi/soft/maven/repository/org/springframework/boot/spring-boot-configuration-processor/3.2.0/spring-boot-configuration-processor-3.2.0.jar:/Users/shouzhi/soft/maven/repository/org/springframework/boot/spring-boot-starter-test/3.2.0/spring-boot-starter-test-3.2.0.jar:/Users/shouzhi/soft/maven/repository/org/springframework/boot/spring-boot-test/3.2.0/spring-boot-test-3.2.0.jar:/Users/shouzhi/soft/maven/repository/org/springframework/boot/spring-boot-test-autoconfigure/3.2.0/spring-boot-test-autoconfigure-3.2.0.jar:/Users/shouzhi/soft/maven/repository/com/jayway/jsonpath/json-path/2.8.0/json-path-2.8.0.jar:/Users/shouzhi/soft/maven/repository/org/slf4j/slf4j-api/2.0.9/slf4j-api-2.0.9.jar:/Users/shouzhi/soft/maven/repository/jakarta/xml/bind/jakarta.xml.bind-api/4.0.1/jakarta.xml.bind-api-4.0.1.jar:/Users/shouzhi/soft/maven/repository/jakarta/activation/jakarta.activation-api/2.1.2/jakarta.activation-api-2.1.2.jar:/Users/shouzhi/soft/maven/repository/net/minidev/json-smart/2.5.0/json-smart-2.5.0.jar:/Users/shouzhi/soft/maven/repository/net/minidev/accessors-smart/2.5.0/accessors-smart-2.5.0.jar:/Users/shouzhi/soft/maven/repository/org/ow2/asm/asm/9.3/asm-9.3.jar:/Users/shouzhi/soft/maven/repository/org/assertj/assertj-core/3.24.2/assertj-core-3.24.2.jar:/Users/shouzhi/soft/maven/repository/net/bytebuddy/byte-buddy/1.14.10/byte-buddy-1.14.10.jar:/Users/shouzhi/soft/maven/repository/org/awaitility/awaitility/4.2.0/awaitility-4.2.0.jar:/Users/shouzhi/soft/maven/repository/org/hamcrest/hamcrest/2.2/hamcrest-2.2.jar:/Users/shouzhi/soft/maven/repository/org/junit/jupiter/junit-jupiter/5.10.1/junit-jupiter-5.10.1.jar:/Users/shouzhi/soft/maven/repository/org/junit/jupiter/junit-jupiter-api/5.10.1/junit-jupiter-api-5.10.1.jar:/Users/shouzhi/soft/maven/repository/org/opentest4j/opentest4j/1.3.0/opentest4j-1.3.0.jar:/Users/shouzhi/soft/maven/repository/org/junit/platform/junit-platform-commons/1.10.1/junit-platform-commons-1.10.1.jar:/Users/shouzhi/soft/maven/repository/org/apiguardian/apiguardian-api/1.1.2/apiguardian-api-1.1.2.jar:/Users/shouzhi/soft/maven/repository/org/junit/jupiter/junit-jupiter-params/5.10.1/junit-jupiter-params-5.10.1.jar:/Users/shouzhi/soft/maven/repository/org/junit/jupiter/junit-jupiter-engine/5.10.1/junit-jupiter-engine-5.10.1.jar:/Users/shouzhi/soft/maven/repository/org/junit/platform/junit-platform-engine/1.10.1/junit-platform-engine-1.10.1.jar:/Users/shouzhi/soft/maven/repository/org/mockito/mockito-core/5.7.0/mockito-core-5.7.0.jar:/Users/shouzhi/soft/maven/repository/net/bytebuddy/byte-buddy-agent/1.14.10/byte-buddy-agent-1.14.10.jar:/Users/shouzhi/soft/maven/repository/org/objenesis/objenesis/3.3/objenesis-3.3.jar:/Users/shouzhi/soft/maven/repository/org/mockito/mockito-junit-jupiter/5.7.0/mockito-junit-jupiter-5.7.0.jar:/Users/shouzhi/soft/maven/repository/org/skyscreamer/jsonassert/1.5.1/jsonassert-1.5.1.jar:/Users/shouzhi/soft/maven/repository/com/vaadin/external/google/android-json/0.0.20131108.vaadin1/android-json-0.0.20131108.vaadin1.jar:/Users/shouzhi/soft/maven/repository/org/springframework/spring-core/6.1.1/spring-core-6.1.1.jar:/Users/shouzhi/soft/maven/repository/org/springframework/spring-jcl/6.1.1/spring-jcl-6.1.1.jar:/Users/shouzhi/soft/maven/repository/org/springframework/spring-test/6.1.1/spring-test-6.1.1.jar:/Users/shouzhi/soft/maven/repository/org/xmlunit/xmlunit-core/2.9.1/xmlunit-core-2.9.1.jar:/Users/shouzhi/soft/maven/repository/com/github/tomakehurst/wiremock-jre8-standalone/2.35.0/wiremock-jre8-standalone-2.35.0.jar:"/>
    <property name="sun.cpu.endian" value="little"/>
    <property name="user.home" value="/Users/shouzhi"/>
    <property name="user.language" value="zh"/>
    <property name="java.specification.vendor" value="Oracle Corporation"/>
    <property name="java.version.date" value="2024-07-16"/>
    <property name="java.home" value="/Users/shouzhi/soft/jdk/graalvm-jdk-17.0.12/Contents/Home"/>
    <property name="file.separator" value="/"/>
    <property name="https.proxyHost" value="127.0.0.1"/>
    <property name="basedir" value="/Users/shouzhi/temp/trae-work/http-client"/>
    <property name="java.vm.compressedOopsMode" value="Zero based"/>
    <property name="jdk.internal.vm.ci.enabled" value="true"/>
    <property name="line.separator" value="&#10;"/>
    <property name="java.vm.specification.vendor" value="Oracle Corporation"/>
    <property name="java.specification.name" value="Java Platform API Specification"/>
    <property name="FILE_LOG_CHARSET" value="UTF-8"/>
    <property name="java.awt.headless" value="true"/>
    <property name="apple.awt.application.name" value="ForkedBooter"/>
    <property name="surefire.real.class.path" value="/Users/shouzhi/temp/trae-work/http-client/target/surefire/surefirebooter-20250603153202579_3.jar"/>
    <property name="user.script" value="Hans"/>
    <property name="sun.management.compiler" value="HotSpot 64-Bit Tiered Compilers"/>
    <property name="ftp.nonProxyHosts" value="weather-data.apple.com|*.weather-data.apple.com|gateway.icloud.com.cn|*.gateway.icloud.com.cn|193.168.0.0/24|*.193.168.0.0/24|localhost|*.localhost|icloud.com.cn|*.icloud.com.cn|172.16.0.0/12|*.172.16.0.0/12|api.smoot.apple.com|*.api.smoot.apple.com|captive.apple.com|*.captive.apple.com|guzzoni.apple.com|*.guzzoni.apple.com|ocsp.apple.com|*.ocsp.apple.com|smoot.apple.cn|*.smoot.apple.cn|push-apple.com.akadns.net|*.push-apple.com.akadns.net|xp.apple.com|*.xp.apple.com|local|*.local|smp-device-content.apple.com|*.smp-device-content.apple.com|127.0.0.1|192.168.0.0/16|*.192.168.0.0/16|10.0.0.0/8|*.10.0.0.0/8|gateway.icloud.com|*.gateway.icloud.com|100.64.0.0/10|*.100.64.0.0/10|inappcheck.itunes.apple.com|*.inappcheck.itunes.apple.com|17.0.0.0/8|*.17.0.0.0/8|configuration.apple.com|*.configuration.apple.com|push.apple.com|*.push.apple.com|valid.apple.com|*.valid.apple.com|health.apple.com|*.health.apple.com|ess.apple.com|*.ess.apple.com"/>
    <property name="java.runtime.version" value="17.0.12+8-LTS-jvmci-23.0-b41"/>
    <property name="user.name" value="shouzhi"/>
    <property name="path.separator" value=":"/>
    <property name="os.version" value="15.5"/>
    <property name="java.runtime.name" value="Java(TM) SE Runtime Environment"/>
    <property name="file.encoding" value="UTF-8"/>
    <property name="FILE_LOG_PATTERN" value="%d{yyyy-MM-dd HH:mm:ss.SSS} [%thread] %-5level %logger{36} - %msg%n"/>
    <property name="java.vm.name" value="Java HotSpot(TM) 64-Bit Server VM"/>
    <property name="java.vendor.version" value="Oracle GraalVM 17.0.12+8.1"/>
    <property name="LOG_FILE" value="logs/http-client.log"/>
    <property name="localRepository" value="/Users/shouzhi/soft/maven/repository"/>
    <property name="javax.xml.xpath.XPathFactory:http://java.sun.com/jaxp/xpath/dom" value="com.sun.org.apache.xpath.internal.jaxp.XPathFactoryImpl"/>
    <property name="java.vendor.url.bug" value="https://bugreport.java.com/bugreport/"/>
    <property name="jetty.git.hash" value="4231a3b2e4cb8548a412a789936d640a97b1aa0a"/>
    <property name="java.io.tmpdir" value="/var/folders/y4/14_hp4ln1fb08pd1hq2my84w0000gn/T/"/>
    <property name="wiremock.org.eclipse.jetty.http.HttpGenerator.STRICT" value="true"/>
    <property name="java.version" value="17.0.12"/>
    <property name="user.dir" value="/Users/shouzhi/temp/trae-work/http-client"/>
    <property name="os.arch" value="aarch64"/>
    <property name="socksProxyPort" value="8119"/>
    <property name="java.vm.specification.name" value="Java Virtual Machine Specification"/>
    <property name="PID" value="23999"/>
    <property name="CONSOLE_LOG_CHARSET" value="UTF-8"/>
    <property name="LOGBACK_ROLLINGPOLICY_MAX_HISTORY" value="30"/>
    <property name="native.encoding" value="UTF-8"/>
    <property name="java.library.path" value="/Users/shouzhi/Library/Java/Extensions:/Library/Java/Extensions:/Network/Library/Java/Extensions:/System/Library/Java/Extensions:/usr/lib/java:."/>
    <property name="java.vm.info" value="mixed mode, sharing"/>
    <property name="java.vendor" value="Oracle Corporation"/>
    <property name="java.vm.version" value="17.0.12+8-LTS-jvmci-23.0-b41"/>
    <property name="sun.io.unicode.encoding" value="UnicodeBig"/>
    <property name="javax.xml.transform.TransformerFactory" value="com.sun.org.apache.xalan.internal.xsltc.trax.TransformerFactoryImpl"/>
    <property name="socksNonProxyHosts" value="weather-data.apple.com|*.weather-data.apple.com|gateway.icloud.com.cn|*.gateway.icloud.com.cn|193.168.0.0/24|*.193.168.0.0/24|localhost|*.localhost|icloud.com.cn|*.icloud.com.cn|172.16.0.0/12|*.172.16.0.0/12|api.smoot.apple.com|*.api.smoot.apple.com|captive.apple.com|*.captive.apple.com|guzzoni.apple.com|*.guzzoni.apple.com|ocsp.apple.com|*.ocsp.apple.com|smoot.apple.cn|*.smoot.apple.cn|push-apple.com.akadns.net|*.push-apple.com.akadns.net|xp.apple.com|*.xp.apple.com|local|*.local|smp-device-content.apple.com|*.smp-device-content.apple.com|127.0.0.1|192.168.0.0/16|*.192.168.0.0/16|10.0.0.0/8|*.10.0.0.0/8|gateway.icloud.com|*.gateway.icloud.com|100.64.0.0/10|*.100.64.0.0/10|inappcheck.itunes.apple.com|*.inappcheck.itunes.apple.com|17.0.0.0/8|*.17.0.0.0/8|configuration.apple.com|*.configuration.apple.com|push.apple.com|*.push.apple.com|valid.apple.com|*.valid.apple.com|health.apple.com|*.health.apple.com|ess.apple.com|*.ess.apple.com"/>
    <property name="java.class.version" value="61.0"/>
    <property name="CONSOLE_LOG_PATTERN" value="%d{yyyy-MM-dd HH:mm:ss.SSS} [%thread] %-5level %logger{36} - %msg%n"/>
    <property name="LOGGED_APPLICATION_NAME" value="[http-client-service] "/>
    <property name="http.proxyPort" value="8118"/>
  </properties>
  <testcase name="testUploadMultipartFile" classname="com.example.httpclient.service.FileTransferServiceTest" time="1.336">
    <system-out><![CDATA[15:32:03.350 [main] INFO org.springframework.test.context.support.AnnotationConfigContextLoaderUtils -- Could not detect default configuration classes for test class [com.example.httpclient.service.FileTransferServiceTest]: FileTransferServiceTest does not declare any static, non-private, non-final, nested classes annotated with @Configuration.
15:32:03.466 [main] INFO org.springframework.boot.test.context.SpringBootTestContextBootstrapper -- Found @SpringBootConfiguration com.example.httpclient.HttpClientApplication for test class com.example.httpclient.service.FileTransferServiceTest

  .   ____          _            __ _ _
 /\\ / ___'_ __ _ _(_)_ __  __ _ \ \ \ \
( ( )\___ | '_ | '_| | '_ \/ _` | \ \ \ \
 \\/  ___)| |_)| | | | | || (_| |  ) ) ) )
  '  |____| .__|_| |_|_| |_\__, | / / / /
 =========|_|==============|___/=/_/_/_/
 :: Spring Boot ::                (v3.2.0)

2025-06-03 15:32:03.953 [main] INFO  c.e.h.s.FileTransferServiceTest - Starting FileTransferServiceTest using Java 17.0.12 with PID 23999 (started by shouzhi in /Users/shouzhi/temp/trae-work/http-client)
2025-06-03 15:32:03.954 [main] INFO  c.e.h.s.FileTransferServiceTest - No active profile set, falling back to 1 default profile: "default"
2025-06-03 15:32:05.886 [main] INFO  c.e.h.s.FileTransferServiceTest - Started FileTransferServiceTest in 2.296 seconds (process running for 3.238)
2025-06-03 15:32:07.200 [main] DEBUG o.internal.concurrent.TaskRunner - Q10000 scheduled after   0 µs: OkHttp ConnectionPool
2025-06-03 15:32:07.200 [OkHttp TaskRunner] DEBUG o.internal.concurrent.TaskRunner - Q10000 starting              : OkHttp ConnectionPool
2025-06-03 15:32:07.201 [OkHttp ConnectionPool] DEBUG o.internal.concurrent.TaskRunner - Q10000 run again after 300 s : OkHttp ConnectionPool
2025-06-03 15:32:07.201 [OkHttp TaskRunner] DEBUG o.internal.concurrent.TaskRunner - Q10000 finished run in 516 µs: OkHttp ConnectionPool
2025-06-03 15:32:07.223 [main] DEBUG o.internal.concurrent.TaskRunner - Q10000 scheduled after   0 µs: OkHttp ConnectionPool
2025-06-03 15:32:07.223 [OkHttp TaskRunner] DEBUG o.internal.concurrent.TaskRunner - Q10000 starting              : OkHttp ConnectionPool
2025-06-03 15:32:07.223 [OkHttp ConnectionPool] DEBUG o.internal.concurrent.TaskRunner - Q10000 run again after 300 s : OkHttp ConnectionPool
2025-06-03 15:32:07.223 [OkHttp TaskRunner] DEBUG o.internal.concurrent.TaskRunner - Q10000 finished run in 328 µs: OkHttp ConnectionPool
]]></system-out>
  </testcase>
  <testcase name="testUploadByteArray" classname="com.example.httpclient.service.FileTransferServiceTest" time="0.029">
    <system-out><![CDATA[2025-06-03 15:32:07.267 [main] DEBUG o.internal.concurrent.TaskRunner - Q10000 canceled              : OkHttp ConnectionPool
2025-06-03 15:32:07.268 [main] DEBUG o.internal.concurrent.TaskRunner - Q10000 scheduled after   0 µs: OkHttp ConnectionPool
2025-06-03 15:32:07.268 [OkHttp TaskRunner] DEBUG o.internal.concurrent.TaskRunner - Q10000 starting              : OkHttp ConnectionPool
2025-06-03 15:32:07.268 [OkHttp ConnectionPool] DEBUG o.internal.concurrent.TaskRunner - Q10000 run again after 300 s : OkHttp ConnectionPool
2025-06-03 15:32:07.268 [OkHttp TaskRunner] DEBUG o.internal.concurrent.TaskRunner - Q10000 finished run in 316 µs: OkHttp ConnectionPool
2025-06-03 15:32:07.271 [main] DEBUG o.internal.concurrent.TaskRunner - Q10000 scheduled after   0 µs: OkHttp ConnectionPool
2025-06-03 15:32:07.272 [OkHttp TaskRunner] DEBUG o.internal.concurrent.TaskRunner - Q10000 starting              : OkHttp ConnectionPool
2025-06-03 15:32:07.272 [OkHttp ConnectionPool] DEBUG o.internal.concurrent.TaskRunner - Q10000 run again after 300 s : OkHttp ConnectionPool
2025-06-03 15:32:07.272 [OkHttp TaskRunner] DEBUG o.internal.concurrent.TaskRunner - Q10000 finished run in 406 µs: OkHttp ConnectionPool
]]></system-out>
  </testcase>
  <testcase name="testAsyncUpload" classname="com.example.httpclient.service.FileTransferServiceTest" time="0.124">
    <system-out><![CDATA[2025-06-03 15:32:07.289 [ForkJoinPool.commonPool-worker-1] DEBUG o.internal.concurrent.TaskRunner - Q10000 canceled              : OkHttp ConnectionPool
2025-06-03 15:32:07.290 [ForkJoinPool.commonPool-worker-1] DEBUG o.internal.concurrent.TaskRunner - Q10000 scheduled after   0 µs: OkHttp ConnectionPool
2025-06-03 15:32:07.291 [OkHttp TaskRunner] DEBUG o.internal.concurrent.TaskRunner - Q10000 starting              : OkHttp ConnectionPool
2025-06-03 15:32:07.291 [OkHttp ConnectionPool] DEBUG o.internal.concurrent.TaskRunner - Q10000 run again after 300 s : OkHttp ConnectionPool
2025-06-03 15:32:07.292 [OkHttp TaskRunner] DEBUG o.internal.concurrent.TaskRunner - Q10000 finished run in 607 µs: OkHttp ConnectionPool
2025-06-03 15:32:07.397 [ForkJoinPool.commonPool-worker-1] DEBUG o.internal.concurrent.TaskRunner - Q10000 scheduled after   0 µs: OkHttp ConnectionPool
2025-06-03 15:32:07.397 [OkHttp TaskRunner] DEBUG o.internal.concurrent.TaskRunner - Q10000 starting              : OkHttp ConnectionPool
2025-06-03 15:32:07.397 [OkHttp ConnectionPool] DEBUG o.internal.concurrent.TaskRunner - Q10000 run again after 300 s : OkHttp ConnectionPool
2025-06-03 15:32:07.397 [OkHttp TaskRunner] DEBUG o.internal.concurrent.TaskRunner - Q10000 finished run in 253 µs: OkHttp ConnectionPool
]]></system-out>
  </testcase>
  <testcase name="testUploadLocalFile" classname="com.example.httpclient.service.FileTransferServiceTest" time="0.038">
    <system-out><![CDATA[2025-06-03 15:32:07.424 [main] DEBUG o.internal.concurrent.TaskRunner - Q10000 canceled              : OkHttp ConnectionPool
2025-06-03 15:32:07.425 [main] DEBUG o.internal.concurrent.TaskRunner - Q10000 scheduled after   0 µs: OkHttp ConnectionPool
2025-06-03 15:32:07.430 [main] DEBUG o.internal.concurrent.TaskRunner - Q10000 already scheduled     : OkHttp ConnectionPool
2025-06-03 15:32:07.435 [OkHttp TaskRunner] DEBUG o.internal.concurrent.TaskRunner - Q10000 starting              : OkHttp ConnectionPool
2025-06-03 15:32:07.436 [OkHttp ConnectionPool] DEBUG o.internal.concurrent.TaskRunner - Q10000 run again after 300 s : OkHttp ConnectionPool
2025-06-03 15:32:07.436 [OkHttp TaskRunner] DEBUG o.internal.concurrent.TaskRunner - Q10000 finished run in 748 µs: OkHttp ConnectionPool
]]></system-out>
  </testcase>
  <testcase name="testDownloadFileWithHeaders" classname="com.example.httpclient.service.FileTransferServiceTest" time="0.061">
    <system-out><![CDATA[2025-06-03 15:32:07.477 [main] DEBUG o.internal.concurrent.TaskRunner - Q10000 canceled              : OkHttp ConnectionPool
2025-06-03 15:32:07.478 [main] DEBUG o.internal.concurrent.TaskRunner - Q10000 scheduled after   0 µs: OkHttp ConnectionPool
2025-06-03 15:32:07.479 [OkHttp TaskRunner] DEBUG o.internal.concurrent.TaskRunner - Q10000 starting              : OkHttp ConnectionPool
2025-06-03 15:32:07.479 [OkHttp ConnectionPool] DEBUG o.internal.concurrent.TaskRunner - Q10000 run again after 300 s : OkHttp ConnectionPool
2025-06-03 15:32:07.479 [OkHttp TaskRunner] DEBUG o.internal.concurrent.TaskRunner - Q10000 finished run in 383 µs: OkHttp ConnectionPool
2025-06-03 15:32:07.489 [main] DEBUG o.internal.concurrent.TaskRunner - Q10000 scheduled after   0 µs: OkHttp ConnectionPool
2025-06-03 15:32:07.489 [OkHttp TaskRunner] DEBUG o.internal.concurrent.TaskRunner - Q10000 starting              : OkHttp ConnectionPool
2025-06-03 15:32:07.490 [OkHttp ConnectionPool] DEBUG o.internal.concurrent.TaskRunner - Q10000 run again after 300 s : OkHttp ConnectionPool
2025-06-03 15:32:07.491 [OkHttp TaskRunner] DEBUG o.internal.concurrent.TaskRunner - Q10000 finished run in   1 ms: OkHttp ConnectionPool
]]></system-out>
  </testcase>
  <testcase name="testUploadError" classname="com.example.httpclient.service.FileTransferServiceTest" time="0.096">
    <system-out><![CDATA[2025-06-03 15:32:07.550 [main] DEBUG o.internal.concurrent.TaskRunner - Q10000 canceled              : OkHttp ConnectionPool
2025-06-03 15:32:07.550 [main] DEBUG o.internal.concurrent.TaskRunner - Q10000 scheduled after   0 µs: OkHttp ConnectionPool
2025-06-03 15:32:07.550 [OkHttp TaskRunner] DEBUG o.internal.concurrent.TaskRunner - Q10000 starting              : OkHttp ConnectionPool
2025-06-03 15:32:07.551 [OkHttp ConnectionPool] DEBUG o.internal.concurrent.TaskRunner - Q10000 run again after 300 s : OkHttp ConnectionPool
2025-06-03 15:32:07.551 [OkHttp TaskRunner] DEBUG o.internal.concurrent.TaskRunner - Q10000 finished run in 347 µs: OkHttp ConnectionPool
2025-06-03 15:32:07.554 [main] DEBUG o.internal.concurrent.TaskRunner - Q10000 scheduled after   0 µs: OkHttp ConnectionPool
2025-06-03 15:32:07.555 [OkHttp TaskRunner] DEBUG o.internal.concurrent.TaskRunner - Q10000 starting              : OkHttp ConnectionPool
2025-06-03 15:32:07.555 [OkHttp ConnectionPool] DEBUG o.internal.concurrent.TaskRunner - Q10000 run again after 300 s : OkHttp ConnectionPool
2025-06-03 15:32:07.556 [OkHttp TaskRunner] DEBUG o.internal.concurrent.TaskRunner - Q10000 finished run in 648 µs: OkHttp ConnectionPool
]]></system-out>
  </testcase>
  <testcase name="testUploadWithoutFile" classname="com.example.httpclient.service.FileTransferServiceTest" time="0.029"/>
  <testcase name="testAsyncDownload" classname="com.example.httpclient.service.FileTransferServiceTest" time="0.137">
    <system-out><![CDATA[2025-06-03 15:32:07.654 [ForkJoinPool.commonPool-worker-1] DEBUG o.internal.concurrent.TaskRunner - Q10000 canceled              : OkHttp ConnectionPool
2025-06-03 15:32:07.655 [ForkJoinPool.commonPool-worker-1] DEBUG o.internal.concurrent.TaskRunner - Q10000 scheduled after   0 µs: OkHttp ConnectionPool
2025-06-03 15:32:07.655 [OkHttp TaskRunner] DEBUG o.internal.concurrent.TaskRunner - Q10000 starting              : OkHttp ConnectionPool
2025-06-03 15:32:07.655 [OkHttp ConnectionPool] DEBUG o.internal.concurrent.TaskRunner - Q10000 run again after 300 s : OkHttp ConnectionPool
2025-06-03 15:32:07.655 [OkHttp TaskRunner] DEBUG o.internal.concurrent.TaskRunner - Q10000 finished run in 158 µs: OkHttp ConnectionPool
2025-06-03 15:32:07.765 [ForkJoinPool.commonPool-worker-1] DEBUG o.internal.concurrent.TaskRunner - Q10000 scheduled after   0 µs: OkHttp ConnectionPool
2025-06-03 15:32:07.765 [OkHttp TaskRunner] DEBUG o.internal.concurrent.TaskRunner - Q10000 starting              : OkHttp ConnectionPool
2025-06-03 15:32:07.765 [OkHttp ConnectionPool] DEBUG o.internal.concurrent.TaskRunner - Q10000 run again after 300 s : OkHttp ConnectionPool
2025-06-03 15:32:07.765 [OkHttp TaskRunner] DEBUG o.internal.concurrent.TaskRunner - Q10000 finished run in 209 µs: OkHttp ConnectionPool
]]></system-out>
  </testcase>
  <testcase name="testDownloadFileToBytes" classname="com.example.httpclient.service.FileTransferServiceTest" time="0.023">
    <system-out><![CDATA[2025-06-03 15:32:07.787 [main] DEBUG o.internal.concurrent.TaskRunner - Q10000 canceled              : OkHttp ConnectionPool
2025-06-03 15:32:07.788 [main] DEBUG o.internal.concurrent.TaskRunner - Q10000 scheduled after   0 µs: OkHttp ConnectionPool
2025-06-03 15:32:07.791 [main] DEBUG o.internal.concurrent.TaskRunner - Q10000 already scheduled     : OkHttp ConnectionPool
2025-06-03 15:32:07.792 [OkHttp TaskRunner] DEBUG o.internal.concurrent.TaskRunner - Q10000 starting              : OkHttp ConnectionPool
2025-06-03 15:32:07.792 [OkHttp ConnectionPool] DEBUG o.internal.concurrent.TaskRunner - Q10000 run again after 300 s : OkHttp ConnectionPool
2025-06-03 15:32:07.792 [OkHttp TaskRunner] DEBUG o.internal.concurrent.TaskRunner - Q10000 finished run in 243 µs: OkHttp ConnectionPool
]]></system-out>
  </testcase>
  <testcase name="testDownloadError" classname="com.example.httpclient.service.FileTransferServiceTest" time="0.017">
    <system-out><![CDATA[2025-06-03 15:32:07.809 [main] DEBUG o.internal.concurrent.TaskRunner - Q10000 canceled              : OkHttp ConnectionPool
2025-06-03 15:32:07.810 [main] DEBUG o.internal.concurrent.TaskRunner - Q10000 scheduled after   0 µs: OkHttp ConnectionPool
2025-06-03 15:32:07.810 [OkHttp TaskRunner] DEBUG o.internal.concurrent.TaskRunner - Q10000 starting              : OkHttp ConnectionPool
2025-06-03 15:32:07.810 [OkHttp ConnectionPool] DEBUG o.internal.concurrent.TaskRunner - Q10000 run again after 300 s : OkHttp ConnectionPool
2025-06-03 15:32:07.810 [OkHttp TaskRunner] DEBUG o.internal.concurrent.TaskRunner - Q10000 finished run in 111 µs: OkHttp ConnectionPool
2025-06-03 15:32:07.811 [main] DEBUG o.internal.concurrent.TaskRunner - Q10000 scheduled after   0 µs: OkHttp ConnectionPool
2025-06-03 15:32:07.811 [OkHttp TaskRunner] DEBUG o.internal.concurrent.TaskRunner - Q10000 starting              : OkHttp ConnectionPool
2025-06-03 15:32:07.811 [OkHttp ConnectionPool] DEBUG o.internal.concurrent.TaskRunner - Q10000 run again after 300 s : OkHttp ConnectionPool
2025-06-03 15:32:07.811 [OkHttp TaskRunner] DEBUG o.internal.concurrent.TaskRunner - Q10000 finished run in  79 µs: OkHttp ConnectionPool
]]></system-out>
  </testcase>
  <testcase name="testGetContentType" classname="com.example.httpclient.service.FileTransferServiceTest" time="0.017"/>
  <testcase name="testDownloadFile" classname="com.example.httpclient.service.FileTransferServiceTest" time="0.016">
    <system-out><![CDATA[2025-06-03 15:32:07.842 [main] DEBUG o.internal.concurrent.TaskRunner - Q10000 canceled              : OkHttp ConnectionPool
2025-06-03 15:32:07.843 [main] DEBUG o.internal.concurrent.TaskRunner - Q10000 scheduled after   0 µs: OkHttp ConnectionPool
2025-06-03 15:32:07.843 [OkHttp TaskRunner] DEBUG o.internal.concurrent.TaskRunner - Q10000 starting              : OkHttp ConnectionPool
2025-06-03 15:32:07.843 [OkHttp ConnectionPool] DEBUG o.internal.concurrent.TaskRunner - Q10000 run again after 300 s : OkHttp ConnectionPool
2025-06-03 15:32:07.843 [OkHttp TaskRunner] DEBUG o.internal.concurrent.TaskRunner - Q10000 finished run in 125 µs: OkHttp ConnectionPool
2025-06-03 15:32:07.845 [main] DEBUG o.internal.concurrent.TaskRunner - Q10000 scheduled after   0 µs: OkHttp ConnectionPool
2025-06-03 15:32:07.845 [OkHttp TaskRunner] DEBUG o.internal.concurrent.TaskRunner - Q10000 starting              : OkHttp ConnectionPool
2025-06-03 15:32:07.845 [OkHttp ConnectionPool] DEBUG o.internal.concurrent.TaskRunner - Q10000 run again after 300 s : OkHttp ConnectionPool
2025-06-03 15:32:07.845 [OkHttp TaskRunner] DEBUG o.internal.concurrent.TaskRunner - Q10000 finished run in 338 µs: OkHttp ConnectionPool
]]></system-out>
  </testcase>
</testsuite>