<?xml version="1.0" encoding="UTF-8"?>
<testsuite xmlns:xsi="http://www.w3.org/2001/XMLSchema-instance" xsi:noNamespaceSchemaLocation="https://maven.apache.org/surefire/maven-surefire-plugin/xsd/surefire-test-report-3.0.xsd" version="3.0" name="com.example.httpclient.service.HttpClientServiceTest" time="3.1" tests="10" errors="0" skipped="0" failures="2">
  <properties>
    <property name="socksProxyHost" value="127.0.0.1"/>
    <property name="http.proxyHost" value="127.0.0.1"/>
    <property name="java.specification.version" value="17"/>
    <property name="sun.jnu.encoding" value="UTF-8"/>
    <property name="java.class.path" value="/Users/shouzhi/temp/trae-work/http-client/target/test-classes:/Users/shouzhi/temp/trae-work/http-client/target/classes:/Users/shouzhi/soft/maven/repository/org/springframework/boot/spring-boot-starter-web/3.2.0/spring-boot-starter-web-3.2.0.jar:/Users/shouzhi/soft/maven/repository/org/springframework/boot/spring-boot-starter/3.2.0/spring-boot-starter-3.2.0.jar:/Users/shouzhi/soft/maven/repository/org/springframework/boot/spring-boot/3.2.0/spring-boot-3.2.0.jar:/Users/shouzhi/soft/maven/repository/org/springframework/boot/spring-boot-autoconfigure/3.2.0/spring-boot-autoconfigure-3.2.0.jar:/Users/shouzhi/soft/maven/repository/org/springframework/boot/spring-boot-starter-logging/3.2.0/spring-boot-starter-logging-3.2.0.jar:/Users/shouzhi/soft/maven/repository/ch/qos/logback/logback-classic/1.4.11/logback-classic-1.4.11.jar:/Users/shouzhi/soft/maven/repository/ch/qos/logback/logback-core/1.4.11/logback-core-1.4.11.jar:/Users/shouzhi/soft/maven/repository/org/apache/logging/log4j/log4j-to-slf4j/2.21.1/log4j-to-slf4j-2.21.1.jar:/Users/shouzhi/soft/maven/repository/org/apache/logging/log4j/log4j-api/2.21.1/log4j-api-2.21.1.jar:/Users/shouzhi/soft/maven/repository/org/slf4j/jul-to-slf4j/2.0.9/jul-to-slf4j-2.0.9.jar:/Users/shouzhi/soft/maven/repository/jakarta/annotation/jakarta.annotation-api/2.1.1/jakarta.annotation-api-2.1.1.jar:/Users/shouzhi/soft/maven/repository/org/yaml/snakeyaml/2.2/snakeyaml-2.2.jar:/Users/shouzhi/soft/maven/repository/org/springframework/boot/spring-boot-starter-json/3.2.0/spring-boot-starter-json-3.2.0.jar:/Users/shouzhi/soft/maven/repository/com/fasterxml/jackson/datatype/jackson-datatype-jdk8/2.15.3/jackson-datatype-jdk8-2.15.3.jar:/Users/shouzhi/soft/maven/repository/com/fasterxml/jackson/datatype/jackson-datatype-jsr310/2.15.3/jackson-datatype-jsr310-2.15.3.jar:/Users/shouzhi/soft/maven/repository/com/fasterxml/jackson/module/jackson-module-parameter-names/2.15.3/jackson-module-parameter-names-2.15.3.jar:/Users/shouzhi/soft/maven/repository/org/springframework/boot/spring-boot-starter-tomcat/3.2.0/spring-boot-starter-tomcat-3.2.0.jar:/Users/shouzhi/soft/maven/repository/org/apache/tomcat/embed/tomcat-embed-core/10.1.16/tomcat-embed-core-10.1.16.jar:/Users/shouzhi/soft/maven/repository/org/apache/tomcat/embed/tomcat-embed-websocket/10.1.16/tomcat-embed-websocket-10.1.16.jar:/Users/shouzhi/soft/maven/repository/org/springframework/spring-web/6.1.1/spring-web-6.1.1.jar:/Users/shouzhi/soft/maven/repository/org/springframework/spring-beans/6.1.1/spring-beans-6.1.1.jar:/Users/shouzhi/soft/maven/repository/io/micrometer/micrometer-observation/1.12.0/micrometer-observation-1.12.0.jar:/Users/shouzhi/soft/maven/repository/io/micrometer/micrometer-commons/1.12.0/micrometer-commons-1.12.0.jar:/Users/shouzhi/soft/maven/repository/org/springframework/spring-webmvc/6.1.1/spring-webmvc-6.1.1.jar:/Users/shouzhi/soft/maven/repository/org/springframework/spring-aop/6.1.1/spring-aop-6.1.1.jar:/Users/shouzhi/soft/maven/repository/org/springframework/spring-context/6.1.1/spring-context-6.1.1.jar:/Users/shouzhi/soft/maven/repository/org/springframework/spring-expression/6.1.1/spring-expression-6.1.1.jar:/Users/shouzhi/soft/maven/repository/org/springframework/boot/spring-boot-starter-webflux/3.2.0/spring-boot-starter-webflux-3.2.0.jar:/Users/shouzhi/soft/maven/repository/org/springframework/boot/spring-boot-starter-reactor-netty/3.2.0/spring-boot-starter-reactor-netty-3.2.0.jar:/Users/shouzhi/soft/maven/repository/io/projectreactor/netty/reactor-netty-http/1.1.13/reactor-netty-http-1.1.13.jar:/Users/shouzhi/soft/maven/repository/io/netty/netty-codec-http/4.1.101.Final/netty-codec-http-4.1.101.Final.jar:/Users/shouzhi/soft/maven/repository/io/netty/netty-common/4.1.101.Final/netty-common-4.1.101.Final.jar:/Users/shouzhi/soft/maven/repository/io/netty/netty-buffer/4.1.101.Final/netty-buffer-4.1.101.Final.jar:/Users/shouzhi/soft/maven/repository/io/netty/netty-transport/4.1.101.Final/netty-transport-4.1.101.Final.jar:/Users/shouzhi/soft/maven/repository/io/netty/netty-codec/4.1.101.Final/netty-codec-4.1.101.Final.jar:/Users/shouzhi/soft/maven/repository/io/netty/netty-handler/4.1.101.Final/netty-handler-4.1.101.Final.jar:/Users/shouzhi/soft/maven/repository/io/netty/netty-codec-http2/4.1.101.Final/netty-codec-http2-4.1.101.Final.jar:/Users/shouzhi/soft/maven/repository/io/netty/netty-resolver-dns/4.1.101.Final/netty-resolver-dns-4.1.101.Final.jar:/Users/shouzhi/soft/maven/repository/io/netty/netty-resolver/4.1.101.Final/netty-resolver-4.1.101.Final.jar:/Users/shouzhi/soft/maven/repository/io/netty/netty-codec-dns/4.1.101.Final/netty-codec-dns-4.1.101.Final.jar:/Users/shouzhi/soft/maven/repository/io/netty/netty-resolver-dns-native-macos/4.1.101.Final/netty-resolver-dns-native-macos-4.1.101.Final-osx-x86_64.jar:/Users/shouzhi/soft/maven/repository/io/netty/netty-resolver-dns-classes-macos/4.1.101.Final/netty-resolver-dns-classes-macos-4.1.101.Final.jar:/Users/shouzhi/soft/maven/repository/io/netty/netty-transport-native-epoll/4.1.101.Final/netty-transport-native-epoll-4.1.101.Final-linux-x86_64.jar:/Users/shouzhi/soft/maven/repository/io/netty/netty-transport-native-unix-common/4.1.101.Final/netty-transport-native-unix-common-4.1.101.Final.jar:/Users/shouzhi/soft/maven/repository/io/netty/netty-transport-classes-epoll/4.1.101.Final/netty-transport-classes-epoll-4.1.101.Final.jar:/Users/shouzhi/soft/maven/repository/io/projectreactor/netty/reactor-netty-core/1.1.13/reactor-netty-core-1.1.13.jar:/Users/shouzhi/soft/maven/repository/io/netty/netty-handler-proxy/4.1.101.Final/netty-handler-proxy-4.1.101.Final.jar:/Users/shouzhi/soft/maven/repository/io/netty/netty-codec-socks/4.1.101.Final/netty-codec-socks-4.1.101.Final.jar:/Users/shouzhi/soft/maven/repository/org/springframework/spring-webflux/6.1.1/spring-webflux-6.1.1.jar:/Users/shouzhi/soft/maven/repository/io/projectreactor/reactor-core/3.6.0/reactor-core-3.6.0.jar:/Users/shouzhi/soft/maven/repository/org/reactivestreams/reactive-streams/1.0.4/reactive-streams-1.0.4.jar:/Users/shouzhi/soft/maven/repository/com/squareup/okhttp3/okhttp/4.12.0/okhttp-4.12.0.jar:/Users/shouzhi/soft/maven/repository/com/squareup/okio/okio/3.6.0/okio-3.6.0.jar:/Users/shouzhi/soft/maven/repository/com/squareup/okio/okio-jvm/3.6.0/okio-jvm-3.6.0.jar:/Users/shouzhi/soft/maven/repository/org/jetbrains/kotlin/kotlin-stdlib-common/1.9.20/kotlin-stdlib-common-1.9.20.jar:/Users/shouzhi/soft/maven/repository/org/jetbrains/kotlin/kotlin-stdlib-jdk8/1.9.20/kotlin-stdlib-jdk8-1.9.20.jar:/Users/shouzhi/soft/maven/repository/org/jetbrains/kotlin/kotlin-stdlib/1.9.20/kotlin-stdlib-1.9.20.jar:/Users/shouzhi/soft/maven/repository/org/jetbrains/annotations/13.0/annotations-13.0.jar:/Users/shouzhi/soft/maven/repository/org/jetbrains/kotlin/kotlin-stdlib-jdk7/1.9.20/kotlin-stdlib-jdk7-1.9.20.jar:/Users/shouzhi/soft/maven/repository/com/fasterxml/jackson/core/jackson-databind/2.15.2/jackson-databind-2.15.2.jar:/Users/shouzhi/soft/maven/repository/com/fasterxml/jackson/core/jackson-annotations/2.15.3/jackson-annotations-2.15.3.jar:/Users/shouzhi/soft/maven/repository/com/fasterxml/jackson/core/jackson-core/2.15.3/jackson-core-2.15.3.jar:/Users/shouzhi/soft/maven/repository/commons-io/commons-io/2.11.0/commons-io-2.11.0.jar:/Users/shouzhi/soft/maven/repository/org/springframework/boot/spring-boot-starter-validation/3.2.0/spring-boot-starter-validation-3.2.0.jar:/Users/shouzhi/soft/maven/repository/org/apache/tomcat/embed/tomcat-embed-el/10.1.16/tomcat-embed-el-10.1.16.jar:/Users/shouzhi/soft/maven/repository/org/hibernate/validator/hibernate-validator/8.0.1.Final/hibernate-validator-8.0.1.Final.jar:/Users/shouzhi/soft/maven/repository/jakarta/validation/jakarta.validation-api/3.0.2/jakarta.validation-api-3.0.2.jar:/Users/shouzhi/soft/maven/repository/org/jboss/logging/jboss-logging/3.5.3.Final/jboss-logging-3.5.3.Final.jar:/Users/shouzhi/soft/maven/repository/com/fasterxml/classmate/1.6.0/classmate-1.6.0.jar:/Users/shouzhi/soft/maven/repository/org/springframework/boot/spring-boot-configuration-processor/3.2.0/spring-boot-configuration-processor-3.2.0.jar:/Users/shouzhi/soft/maven/repository/org/springframework/boot/spring-boot-starter-test/3.2.0/spring-boot-starter-test-3.2.0.jar:/Users/shouzhi/soft/maven/repository/org/springframework/boot/spring-boot-test/3.2.0/spring-boot-test-3.2.0.jar:/Users/shouzhi/soft/maven/repository/org/springframework/boot/spring-boot-test-autoconfigure/3.2.0/spring-boot-test-autoconfigure-3.2.0.jar:/Users/shouzhi/soft/maven/repository/com/jayway/jsonpath/json-path/2.8.0/json-path-2.8.0.jar:/Users/shouzhi/soft/maven/repository/org/slf4j/slf4j-api/2.0.9/slf4j-api-2.0.9.jar:/Users/shouzhi/soft/maven/repository/jakarta/xml/bind/jakarta.xml.bind-api/4.0.1/jakarta.xml.bind-api-4.0.1.jar:/Users/shouzhi/soft/maven/repository/jakarta/activation/jakarta.activation-api/2.1.2/jakarta.activation-api-2.1.2.jar:/Users/shouzhi/soft/maven/repository/net/minidev/json-smart/2.5.0/json-smart-2.5.0.jar:/Users/shouzhi/soft/maven/repository/net/minidev/accessors-smart/2.5.0/accessors-smart-2.5.0.jar:/Users/shouzhi/soft/maven/repository/org/ow2/asm/asm/9.3/asm-9.3.jar:/Users/shouzhi/soft/maven/repository/org/assertj/assertj-core/3.24.2/assertj-core-3.24.2.jar:/Users/shouzhi/soft/maven/repository/net/bytebuddy/byte-buddy/1.14.10/byte-buddy-1.14.10.jar:/Users/shouzhi/soft/maven/repository/org/awaitility/awaitility/4.2.0/awaitility-4.2.0.jar:/Users/shouzhi/soft/maven/repository/org/hamcrest/hamcrest/2.2/hamcrest-2.2.jar:/Users/shouzhi/soft/maven/repository/org/junit/jupiter/junit-jupiter/5.10.1/junit-jupiter-5.10.1.jar:/Users/shouzhi/soft/maven/repository/org/junit/jupiter/junit-jupiter-api/5.10.1/junit-jupiter-api-5.10.1.jar:/Users/shouzhi/soft/maven/repository/org/opentest4j/opentest4j/1.3.0/opentest4j-1.3.0.jar:/Users/shouzhi/soft/maven/repository/org/junit/platform/junit-platform-commons/1.10.1/junit-platform-commons-1.10.1.jar:/Users/shouzhi/soft/maven/repository/org/apiguardian/apiguardian-api/1.1.2/apiguardian-api-1.1.2.jar:/Users/shouzhi/soft/maven/repository/org/junit/jupiter/junit-jupiter-params/5.10.1/junit-jupiter-params-5.10.1.jar:/Users/shouzhi/soft/maven/repository/org/junit/jupiter/junit-jupiter-engine/5.10.1/junit-jupiter-engine-5.10.1.jar:/Users/shouzhi/soft/maven/repository/org/junit/platform/junit-platform-engine/1.10.1/junit-platform-engine-1.10.1.jar:/Users/shouzhi/soft/maven/repository/org/mockito/mockito-core/5.7.0/mockito-core-5.7.0.jar:/Users/shouzhi/soft/maven/repository/net/bytebuddy/byte-buddy-agent/1.14.10/byte-buddy-agent-1.14.10.jar:/Users/shouzhi/soft/maven/repository/org/objenesis/objenesis/3.3/objenesis-3.3.jar:/Users/shouzhi/soft/maven/repository/org/mockito/mockito-junit-jupiter/5.7.0/mockito-junit-jupiter-5.7.0.jar:/Users/shouzhi/soft/maven/repository/org/skyscreamer/jsonassert/1.5.1/jsonassert-1.5.1.jar:/Users/shouzhi/soft/maven/repository/com/vaadin/external/google/android-json/0.0.20131108.vaadin1/android-json-0.0.20131108.vaadin1.jar:/Users/shouzhi/soft/maven/repository/org/springframework/spring-core/6.1.1/spring-core-6.1.1.jar:/Users/shouzhi/soft/maven/repository/org/springframework/spring-jcl/6.1.1/spring-jcl-6.1.1.jar:/Users/shouzhi/soft/maven/repository/org/springframework/spring-test/6.1.1/spring-test-6.1.1.jar:/Users/shouzhi/soft/maven/repository/org/xmlunit/xmlunit-core/2.9.1/xmlunit-core-2.9.1.jar:/Users/shouzhi/soft/maven/repository/com/github/tomakehurst/wiremock-jre8-standalone/2.35.0/wiremock-jre8-standalone-2.35.0.jar:"/>
    <property name="LOGBACK_ROLLINGPOLICY_MAX_FILE_SIZE" value="10485760"/>
    <property name="https.proxyPort" value="8118"/>
    <property name="java.vm.vendor" value="Oracle Corporation"/>
    <property name="sun.arch.data.model" value="64"/>
    <property name="java.vendor.url" value="https://java.oracle.com/"/>
    <property name="user.timezone" value="Asia/Shanghai"/>
    <property name="org.jboss.logging.provider" value="slf4j"/>
    <property name="java.vm.specification.version" value="17"/>
    <property name="os.name" value="Mac OS X"/>
    <property name="sun.java.launcher" value="SUN_STANDARD"/>
    <property name="user.country" value="CN"/>
    <property name="sun.boot.library.path" value="/Users/shouzhi/soft/jdk/graalvm-jdk-17.0.12/Contents/Home/lib"/>
    <property name="sun.java.command" value="/Users/shouzhi/temp/trae-work/http-client/target/surefire/surefirebooter-20250603153202579_3.jar /Users/shouzhi/temp/trae-work/http-client/target/surefire 2025-06-03T15-32-02_517-jvmRun1 surefire-20250603153202579_1tmp surefire_0-20250603153202579_2tmp"/>
    <property name="http.nonProxyHosts" value="weather-data.apple.com|*.weather-data.apple.com|gateway.icloud.com.cn|*.gateway.icloud.com.cn|193.168.0.0/24|*.193.168.0.0/24|localhost|*.localhost|icloud.com.cn|*.icloud.com.cn|172.16.0.0/12|*.172.16.0.0/12|api.smoot.apple.com|*.api.smoot.apple.com|captive.apple.com|*.captive.apple.com|guzzoni.apple.com|*.guzzoni.apple.com|ocsp.apple.com|*.ocsp.apple.com|smoot.apple.cn|*.smoot.apple.cn|push-apple.com.akadns.net|*.push-apple.com.akadns.net|xp.apple.com|*.xp.apple.com|local|*.local|smp-device-content.apple.com|*.smp-device-content.apple.com|127.0.0.1|192.168.0.0/16|*.192.168.0.0/16|10.0.0.0/8|*.10.0.0.0/8|gateway.icloud.com|*.gateway.icloud.com|100.64.0.0/10|*.100.64.0.0/10|inappcheck.itunes.apple.com|*.inappcheck.itunes.apple.com|17.0.0.0/8|*.17.0.0.0/8|configuration.apple.com|*.configuration.apple.com|push.apple.com|*.push.apple.com|valid.apple.com|*.valid.apple.com|health.apple.com|*.health.apple.com|ess.apple.com|*.ess.apple.com"/>
    <property name="jdk.debug" value="release"/>
    <property name="surefire.test.class.path" value="/Users/shouzhi/temp/trae-work/http-client/target/test-classes:/Users/shouzhi/temp/trae-work/http-client/target/classes:/Users/shouzhi/soft/maven/repository/org/springframework/boot/spring-boot-starter-web/3.2.0/spring-boot-starter-web-3.2.0.jar:/Users/shouzhi/soft/maven/repository/org/springframework/boot/spring-boot-starter/3.2.0/spring-boot-starter-3.2.0.jar:/Users/shouzhi/soft/maven/repository/org/springframework/boot/spring-boot/3.2.0/spring-boot-3.2.0.jar:/Users/shouzhi/soft/maven/repository/org/springframework/boot/spring-boot-autoconfigure/3.2.0/spring-boot-autoconfigure-3.2.0.jar:/Users/shouzhi/soft/maven/repository/org/springframework/boot/spring-boot-starter-logging/3.2.0/spring-boot-starter-logging-3.2.0.jar:/Users/shouzhi/soft/maven/repository/ch/qos/logback/logback-classic/1.4.11/logback-classic-1.4.11.jar:/Users/shouzhi/soft/maven/repository/ch/qos/logback/logback-core/1.4.11/logback-core-1.4.11.jar:/Users/shouzhi/soft/maven/repository/org/apache/logging/log4j/log4j-to-slf4j/2.21.1/log4j-to-slf4j-2.21.1.jar:/Users/shouzhi/soft/maven/repository/org/apache/logging/log4j/log4j-api/2.21.1/log4j-api-2.21.1.jar:/Users/shouzhi/soft/maven/repository/org/slf4j/jul-to-slf4j/2.0.9/jul-to-slf4j-2.0.9.jar:/Users/shouzhi/soft/maven/repository/jakarta/annotation/jakarta.annotation-api/2.1.1/jakarta.annotation-api-2.1.1.jar:/Users/shouzhi/soft/maven/repository/org/yaml/snakeyaml/2.2/snakeyaml-2.2.jar:/Users/shouzhi/soft/maven/repository/org/springframework/boot/spring-boot-starter-json/3.2.0/spring-boot-starter-json-3.2.0.jar:/Users/shouzhi/soft/maven/repository/com/fasterxml/jackson/datatype/jackson-datatype-jdk8/2.15.3/jackson-datatype-jdk8-2.15.3.jar:/Users/shouzhi/soft/maven/repository/com/fasterxml/jackson/datatype/jackson-datatype-jsr310/2.15.3/jackson-datatype-jsr310-2.15.3.jar:/Users/shouzhi/soft/maven/repository/com/fasterxml/jackson/module/jackson-module-parameter-names/2.15.3/jackson-module-parameter-names-2.15.3.jar:/Users/shouzhi/soft/maven/repository/org/springframework/boot/spring-boot-starter-tomcat/3.2.0/spring-boot-starter-tomcat-3.2.0.jar:/Users/shouzhi/soft/maven/repository/org/apache/tomcat/embed/tomcat-embed-core/10.1.16/tomcat-embed-core-10.1.16.jar:/Users/shouzhi/soft/maven/repository/org/apache/tomcat/embed/tomcat-embed-websocket/10.1.16/tomcat-embed-websocket-10.1.16.jar:/Users/shouzhi/soft/maven/repository/org/springframework/spring-web/6.1.1/spring-web-6.1.1.jar:/Users/shouzhi/soft/maven/repository/org/springframework/spring-beans/6.1.1/spring-beans-6.1.1.jar:/Users/shouzhi/soft/maven/repository/io/micrometer/micrometer-observation/1.12.0/micrometer-observation-1.12.0.jar:/Users/shouzhi/soft/maven/repository/io/micrometer/micrometer-commons/1.12.0/micrometer-commons-1.12.0.jar:/Users/shouzhi/soft/maven/repository/org/springframework/spring-webmvc/6.1.1/spring-webmvc-6.1.1.jar:/Users/shouzhi/soft/maven/repository/org/springframework/spring-aop/6.1.1/spring-aop-6.1.1.jar:/Users/shouzhi/soft/maven/repository/org/springframework/spring-context/6.1.1/spring-context-6.1.1.jar:/Users/shouzhi/soft/maven/repository/org/springframework/spring-expression/6.1.1/spring-expression-6.1.1.jar:/Users/shouzhi/soft/maven/repository/org/springframework/boot/spring-boot-starter-webflux/3.2.0/spring-boot-starter-webflux-3.2.0.jar:/Users/shouzhi/soft/maven/repository/org/springframework/boot/spring-boot-starter-reactor-netty/3.2.0/spring-boot-starter-reactor-netty-3.2.0.jar:/Users/shouzhi/soft/maven/repository/io/projectreactor/netty/reactor-netty-http/1.1.13/reactor-netty-http-1.1.13.jar:/Users/shouzhi/soft/maven/repository/io/netty/netty-codec-http/4.1.101.Final/netty-codec-http-4.1.101.Final.jar:/Users/shouzhi/soft/maven/repository/io/netty/netty-common/4.1.101.Final/netty-common-4.1.101.Final.jar:/Users/shouzhi/soft/maven/repository/io/netty/netty-buffer/4.1.101.Final/netty-buffer-4.1.101.Final.jar:/Users/shouzhi/soft/maven/repository/io/netty/netty-transport/4.1.101.Final/netty-transport-4.1.101.Final.jar:/Users/shouzhi/soft/maven/repository/io/netty/netty-codec/4.1.101.Final/netty-codec-4.1.101.Final.jar:/Users/shouzhi/soft/maven/repository/io/netty/netty-handler/4.1.101.Final/netty-handler-4.1.101.Final.jar:/Users/shouzhi/soft/maven/repository/io/netty/netty-codec-http2/4.1.101.Final/netty-codec-http2-4.1.101.Final.jar:/Users/shouzhi/soft/maven/repository/io/netty/netty-resolver-dns/4.1.101.Final/netty-resolver-dns-4.1.101.Final.jar:/Users/shouzhi/soft/maven/repository/io/netty/netty-resolver/4.1.101.Final/netty-resolver-4.1.101.Final.jar:/Users/shouzhi/soft/maven/repository/io/netty/netty-codec-dns/4.1.101.Final/netty-codec-dns-4.1.101.Final.jar:/Users/shouzhi/soft/maven/repository/io/netty/netty-resolver-dns-native-macos/4.1.101.Final/netty-resolver-dns-native-macos-4.1.101.Final-osx-x86_64.jar:/Users/shouzhi/soft/maven/repository/io/netty/netty-resolver-dns-classes-macos/4.1.101.Final/netty-resolver-dns-classes-macos-4.1.101.Final.jar:/Users/shouzhi/soft/maven/repository/io/netty/netty-transport-native-epoll/4.1.101.Final/netty-transport-native-epoll-4.1.101.Final-linux-x86_64.jar:/Users/shouzhi/soft/maven/repository/io/netty/netty-transport-native-unix-common/4.1.101.Final/netty-transport-native-unix-common-4.1.101.Final.jar:/Users/shouzhi/soft/maven/repository/io/netty/netty-transport-classes-epoll/4.1.101.Final/netty-transport-classes-epoll-4.1.101.Final.jar:/Users/shouzhi/soft/maven/repository/io/projectreactor/netty/reactor-netty-core/1.1.13/reactor-netty-core-1.1.13.jar:/Users/shouzhi/soft/maven/repository/io/netty/netty-handler-proxy/4.1.101.Final/netty-handler-proxy-4.1.101.Final.jar:/Users/shouzhi/soft/maven/repository/io/netty/netty-codec-socks/4.1.101.Final/netty-codec-socks-4.1.101.Final.jar:/Users/shouzhi/soft/maven/repository/org/springframework/spring-webflux/6.1.1/spring-webflux-6.1.1.jar:/Users/shouzhi/soft/maven/repository/io/projectreactor/reactor-core/3.6.0/reactor-core-3.6.0.jar:/Users/shouzhi/soft/maven/repository/org/reactivestreams/reactive-streams/1.0.4/reactive-streams-1.0.4.jar:/Users/shouzhi/soft/maven/repository/com/squareup/okhttp3/okhttp/4.12.0/okhttp-4.12.0.jar:/Users/shouzhi/soft/maven/repository/com/squareup/okio/okio/3.6.0/okio-3.6.0.jar:/Users/shouzhi/soft/maven/repository/com/squareup/okio/okio-jvm/3.6.0/okio-jvm-3.6.0.jar:/Users/shouzhi/soft/maven/repository/org/jetbrains/kotlin/kotlin-stdlib-common/1.9.20/kotlin-stdlib-common-1.9.20.jar:/Users/shouzhi/soft/maven/repository/org/jetbrains/kotlin/kotlin-stdlib-jdk8/1.9.20/kotlin-stdlib-jdk8-1.9.20.jar:/Users/shouzhi/soft/maven/repository/org/jetbrains/kotlin/kotlin-stdlib/1.9.20/kotlin-stdlib-1.9.20.jar:/Users/shouzhi/soft/maven/repository/org/jetbrains/annotations/13.0/annotations-13.0.jar:/Users/shouzhi/soft/maven/repository/org/jetbrains/kotlin/kotlin-stdlib-jdk7/1.9.20/kotlin-stdlib-jdk7-1.9.20.jar:/Users/shouzhi/soft/maven/repository/com/fasterxml/jackson/core/jackson-databind/2.15.2/jackson-databind-2.15.2.jar:/Users/shouzhi/soft/maven/repository/com/fasterxml/jackson/core/jackson-annotations/2.15.3/jackson-annotations-2.15.3.jar:/Users/shouzhi/soft/maven/repository/com/fasterxml/jackson/core/jackson-core/2.15.3/jackson-core-2.15.3.jar:/Users/shouzhi/soft/maven/repository/commons-io/commons-io/2.11.0/commons-io-2.11.0.jar:/Users/shouzhi/soft/maven/repository/org/springframework/boot/spring-boot-starter-validation/3.2.0/spring-boot-starter-validation-3.2.0.jar:/Users/shouzhi/soft/maven/repository/org/apache/tomcat/embed/tomcat-embed-el/10.1.16/tomcat-embed-el-10.1.16.jar:/Users/shouzhi/soft/maven/repository/org/hibernate/validator/hibernate-validator/8.0.1.Final/hibernate-validator-8.0.1.Final.jar:/Users/shouzhi/soft/maven/repository/jakarta/validation/jakarta.validation-api/3.0.2/jakarta.validation-api-3.0.2.jar:/Users/shouzhi/soft/maven/repository/org/jboss/logging/jboss-logging/3.5.3.Final/jboss-logging-3.5.3.Final.jar:/Users/shouzhi/soft/maven/repository/com/fasterxml/classmate/1.6.0/classmate-1.6.0.jar:/Users/shouzhi/soft/maven/repository/org/springframework/boot/spring-boot-configuration-processor/3.2.0/spring-boot-configuration-processor-3.2.0.jar:/Users/shouzhi/soft/maven/repository/org/springframework/boot/spring-boot-starter-test/3.2.0/spring-boot-starter-test-3.2.0.jar:/Users/shouzhi/soft/maven/repository/org/springframework/boot/spring-boot-test/3.2.0/spring-boot-test-3.2.0.jar:/Users/shouzhi/soft/maven/repository/org/springframework/boot/spring-boot-test-autoconfigure/3.2.0/spring-boot-test-autoconfigure-3.2.0.jar:/Users/shouzhi/soft/maven/repository/com/jayway/jsonpath/json-path/2.8.0/json-path-2.8.0.jar:/Users/shouzhi/soft/maven/repository/org/slf4j/slf4j-api/2.0.9/slf4j-api-2.0.9.jar:/Users/shouzhi/soft/maven/repository/jakarta/xml/bind/jakarta.xml.bind-api/4.0.1/jakarta.xml.bind-api-4.0.1.jar:/Users/shouzhi/soft/maven/repository/jakarta/activation/jakarta.activation-api/2.1.2/jakarta.activation-api-2.1.2.jar:/Users/shouzhi/soft/maven/repository/net/minidev/json-smart/2.5.0/json-smart-2.5.0.jar:/Users/shouzhi/soft/maven/repository/net/minidev/accessors-smart/2.5.0/accessors-smart-2.5.0.jar:/Users/shouzhi/soft/maven/repository/org/ow2/asm/asm/9.3/asm-9.3.jar:/Users/shouzhi/soft/maven/repository/org/assertj/assertj-core/3.24.2/assertj-core-3.24.2.jar:/Users/shouzhi/soft/maven/repository/net/bytebuddy/byte-buddy/1.14.10/byte-buddy-1.14.10.jar:/Users/shouzhi/soft/maven/repository/org/awaitility/awaitility/4.2.0/awaitility-4.2.0.jar:/Users/shouzhi/soft/maven/repository/org/hamcrest/hamcrest/2.2/hamcrest-2.2.jar:/Users/shouzhi/soft/maven/repository/org/junit/jupiter/junit-jupiter/5.10.1/junit-jupiter-5.10.1.jar:/Users/shouzhi/soft/maven/repository/org/junit/jupiter/junit-jupiter-api/5.10.1/junit-jupiter-api-5.10.1.jar:/Users/shouzhi/soft/maven/repository/org/opentest4j/opentest4j/1.3.0/opentest4j-1.3.0.jar:/Users/shouzhi/soft/maven/repository/org/junit/platform/junit-platform-commons/1.10.1/junit-platform-commons-1.10.1.jar:/Users/shouzhi/soft/maven/repository/org/apiguardian/apiguardian-api/1.1.2/apiguardian-api-1.1.2.jar:/Users/shouzhi/soft/maven/repository/org/junit/jupiter/junit-jupiter-params/5.10.1/junit-jupiter-params-5.10.1.jar:/Users/shouzhi/soft/maven/repository/org/junit/jupiter/junit-jupiter-engine/5.10.1/junit-jupiter-engine-5.10.1.jar:/Users/shouzhi/soft/maven/repository/org/junit/platform/junit-platform-engine/1.10.1/junit-platform-engine-1.10.1.jar:/Users/shouzhi/soft/maven/repository/org/mockito/mockito-core/5.7.0/mockito-core-5.7.0.jar:/Users/shouzhi/soft/maven/repository/net/bytebuddy/byte-buddy-agent/1.14.10/byte-buddy-agent-1.14.10.jar:/Users/shouzhi/soft/maven/repository/org/objenesis/objenesis/3.3/objenesis-3.3.jar:/Users/shouzhi/soft/maven/repository/org/mockito/mockito-junit-jupiter/5.7.0/mockito-junit-jupiter-5.7.0.jar:/Users/shouzhi/soft/maven/repository/org/skyscreamer/jsonassert/1.5.1/jsonassert-1.5.1.jar:/Users/shouzhi/soft/maven/repository/com/vaadin/external/google/android-json/0.0.20131108.vaadin1/android-json-0.0.20131108.vaadin1.jar:/Users/shouzhi/soft/maven/repository/org/springframework/spring-core/6.1.1/spring-core-6.1.1.jar:/Users/shouzhi/soft/maven/repository/org/springframework/spring-jcl/6.1.1/spring-jcl-6.1.1.jar:/Users/shouzhi/soft/maven/repository/org/springframework/spring-test/6.1.1/spring-test-6.1.1.jar:/Users/shouzhi/soft/maven/repository/org/xmlunit/xmlunit-core/2.9.1/xmlunit-core-2.9.1.jar:/Users/shouzhi/soft/maven/repository/com/github/tomakehurst/wiremock-jre8-standalone/2.35.0/wiremock-jre8-standalone-2.35.0.jar:"/>
    <property name="sun.cpu.endian" value="little"/>
    <property name="user.home" value="/Users/shouzhi"/>
    <property name="user.language" value="zh"/>
    <property name="java.specification.vendor" value="Oracle Corporation"/>
    <property name="java.version.date" value="2024-07-16"/>
    <property name="java.home" value="/Users/shouzhi/soft/jdk/graalvm-jdk-17.0.12/Contents/Home"/>
    <property name="file.separator" value="/"/>
    <property name="https.proxyHost" value="127.0.0.1"/>
    <property name="basedir" value="/Users/shouzhi/temp/trae-work/http-client"/>
    <property name="java.vm.compressedOopsMode" value="Zero based"/>
    <property name="jdk.internal.vm.ci.enabled" value="true"/>
    <property name="line.separator" value="&#10;"/>
    <property name="java.vm.specification.vendor" value="Oracle Corporation"/>
    <property name="java.specification.name" value="Java Platform API Specification"/>
    <property name="FILE_LOG_CHARSET" value="UTF-8"/>
    <property name="java.awt.headless" value="true"/>
    <property name="apple.awt.application.name" value="ForkedBooter"/>
    <property name="surefire.real.class.path" value="/Users/shouzhi/temp/trae-work/http-client/target/surefire/surefirebooter-20250603153202579_3.jar"/>
    <property name="user.script" value="Hans"/>
    <property name="sun.management.compiler" value="HotSpot 64-Bit Tiered Compilers"/>
    <property name="ftp.nonProxyHosts" value="weather-data.apple.com|*.weather-data.apple.com|gateway.icloud.com.cn|*.gateway.icloud.com.cn|193.168.0.0/24|*.193.168.0.0/24|localhost|*.localhost|icloud.com.cn|*.icloud.com.cn|172.16.0.0/12|*.172.16.0.0/12|api.smoot.apple.com|*.api.smoot.apple.com|captive.apple.com|*.captive.apple.com|guzzoni.apple.com|*.guzzoni.apple.com|ocsp.apple.com|*.ocsp.apple.com|smoot.apple.cn|*.smoot.apple.cn|push-apple.com.akadns.net|*.push-apple.com.akadns.net|xp.apple.com|*.xp.apple.com|local|*.local|smp-device-content.apple.com|*.smp-device-content.apple.com|127.0.0.1|192.168.0.0/16|*.192.168.0.0/16|10.0.0.0/8|*.10.0.0.0/8|gateway.icloud.com|*.gateway.icloud.com|100.64.0.0/10|*.100.64.0.0/10|inappcheck.itunes.apple.com|*.inappcheck.itunes.apple.com|17.0.0.0/8|*.17.0.0.0/8|configuration.apple.com|*.configuration.apple.com|push.apple.com|*.push.apple.com|valid.apple.com|*.valid.apple.com|health.apple.com|*.health.apple.com|ess.apple.com|*.ess.apple.com"/>
    <property name="java.runtime.version" value="17.0.12+8-LTS-jvmci-23.0-b41"/>
    <property name="user.name" value="shouzhi"/>
    <property name="path.separator" value=":"/>
    <property name="os.version" value="15.5"/>
    <property name="java.runtime.name" value="Java(TM) SE Runtime Environment"/>
    <property name="file.encoding" value="UTF-8"/>
    <property name="FILE_LOG_PATTERN" value="%d{yyyy-MM-dd HH:mm:ss.SSS} [%thread] %-5level %logger{36} - %msg%n"/>
    <property name="java.vm.name" value="Java HotSpot(TM) 64-Bit Server VM"/>
    <property name="java.vendor.version" value="Oracle GraalVM 17.0.12+8.1"/>
    <property name="LOG_FILE" value="logs/http-client.log"/>
    <property name="localRepository" value="/Users/shouzhi/soft/maven/repository"/>
    <property name="javax.xml.xpath.XPathFactory:http://java.sun.com/jaxp/xpath/dom" value="com.sun.org.apache.xpath.internal.jaxp.XPathFactoryImpl"/>
    <property name="java.vendor.url.bug" value="https://bugreport.java.com/bugreport/"/>
    <property name="jetty.git.hash" value="4231a3b2e4cb8548a412a789936d640a97b1aa0a"/>
    <property name="java.io.tmpdir" value="/var/folders/y4/14_hp4ln1fb08pd1hq2my84w0000gn/T/"/>
    <property name="wiremock.org.eclipse.jetty.http.HttpGenerator.STRICT" value="true"/>
    <property name="java.version" value="17.0.12"/>
    <property name="user.dir" value="/Users/shouzhi/temp/trae-work/http-client"/>
    <property name="os.arch" value="aarch64"/>
    <property name="socksProxyPort" value="8119"/>
    <property name="java.vm.specification.name" value="Java Virtual Machine Specification"/>
    <property name="PID" value="23999"/>
    <property name="CONSOLE_LOG_CHARSET" value="UTF-8"/>
    <property name="LOGBACK_ROLLINGPOLICY_MAX_HISTORY" value="30"/>
    <property name="native.encoding" value="UTF-8"/>
    <property name="java.library.path" value="/Users/shouzhi/Library/Java/Extensions:/Library/Java/Extensions:/Network/Library/Java/Extensions:/System/Library/Java/Extensions:/usr/lib/java:."/>
    <property name="java.vm.info" value="mixed mode, sharing"/>
    <property name="java.vendor" value="Oracle Corporation"/>
    <property name="java.vm.version" value="17.0.12+8-LTS-jvmci-23.0-b41"/>
    <property name="sun.io.unicode.encoding" value="UnicodeBig"/>
    <property name="javax.xml.transform.TransformerFactory" value="com.sun.org.apache.xalan.internal.xsltc.trax.TransformerFactoryImpl"/>
    <property name="socksNonProxyHosts" value="weather-data.apple.com|*.weather-data.apple.com|gateway.icloud.com.cn|*.gateway.icloud.com.cn|193.168.0.0/24|*.193.168.0.0/24|localhost|*.localhost|icloud.com.cn|*.icloud.com.cn|172.16.0.0/12|*.172.16.0.0/12|api.smoot.apple.com|*.api.smoot.apple.com|captive.apple.com|*.captive.apple.com|guzzoni.apple.com|*.guzzoni.apple.com|ocsp.apple.com|*.ocsp.apple.com|smoot.apple.cn|*.smoot.apple.cn|push-apple.com.akadns.net|*.push-apple.com.akadns.net|xp.apple.com|*.xp.apple.com|local|*.local|smp-device-content.apple.com|*.smp-device-content.apple.com|127.0.0.1|192.168.0.0/16|*.192.168.0.0/16|10.0.0.0/8|*.10.0.0.0/8|gateway.icloud.com|*.gateway.icloud.com|100.64.0.0/10|*.100.64.0.0/10|inappcheck.itunes.apple.com|*.inappcheck.itunes.apple.com|17.0.0.0/8|*.17.0.0.0/8|configuration.apple.com|*.configuration.apple.com|push.apple.com|*.push.apple.com|valid.apple.com|*.valid.apple.com|health.apple.com|*.health.apple.com|ess.apple.com|*.ess.apple.com"/>
    <property name="java.class.version" value="61.0"/>
    <property name="CONSOLE_LOG_PATTERN" value="%d{yyyy-MM-dd HH:mm:ss.SSS} [%thread] %-5level %logger{36} - %msg%n"/>
    <property name="LOGGED_APPLICATION_NAME" value="[http-client-service] "/>
    <property name="http.proxyPort" value="8118"/>
  </properties>
  <testcase name="testRequestWithQueryParams" classname="com.example.httpclient.service.HttpClientServiceTest" time="0.045">
    <system-out><![CDATA[2025-06-03 15:32:07.854 [main] INFO  o.s.t.c.s.AnnotationConfigContextLoaderUtils - Could not detect default configuration classes for test class [com.example.httpclient.service.HttpClientServiceTest]: HttpClientServiceTest does not declare any static, non-private, non-final, nested classes annotated with @Configuration.
2025-06-03 15:32:07.857 [main] INFO  o.s.b.t.c.SpringBootTestContextBootstrapper - Found @SpringBootConfiguration com.example.httpclient.HttpClientApplication for test class com.example.httpclient.service.HttpClientServiceTest

  .   ____          _            __ _ _
 /\\ / ___'_ __ _ _(_)_ __  __ _ \ \ \ \
( ( )\___ | '_ | '_| | '_ \/ _` | \ \ \ \
 \\/  ___)| |_)| | | | | || (_| |  ) ) ) )
  '  |____| .__|_| |_|_| |_\__, | / / / /
 =========|_|==============|___/=/_/_/_/
 :: Spring Boot ::                (v3.2.0)

2025-06-03 15:32:07.884 [main] INFO  c.e.h.service.HttpClientServiceTest - Starting HttpClientServiceTest using Java 17.0.12 with PID 23999 (started by shouzhi in /Users/shouzhi/temp/trae-work/http-client)
2025-06-03 15:32:07.885 [main] INFO  c.e.h.service.HttpClientServiceTest - No active profile set, falling back to 1 default profile: "default"
2025-06-03 15:32:08.076 [main] INFO  c.e.h.service.HttpClientServiceTest - Started HttpClientServiceTest in 0.212 seconds (process running for 5.428)
2025-06-03 15:32:08.092 [main] DEBUG o.internal.concurrent.TaskRunner - Q10007 scheduled after   0 µs: OkHttp ConnectionPool
2025-06-03 15:32:08.092 [OkHttp TaskRunner] DEBUG o.internal.concurrent.TaskRunner - Q10007 starting              : OkHttp ConnectionPool
2025-06-03 15:32:08.093 [OkHttp ConnectionPool] DEBUG o.internal.concurrent.TaskRunner - Q10007 run again after 300 s : OkHttp ConnectionPool
2025-06-03 15:32:08.093 [OkHttp TaskRunner] DEBUG o.internal.concurrent.TaskRunner - Q10007 finished run in 303 µs: OkHttp ConnectionPool
2025-06-03 15:32:08.104 [main] DEBUG o.internal.concurrent.TaskRunner - Q10007 scheduled after   0 µs: OkHttp ConnectionPool
2025-06-03 15:32:08.104 [OkHttp TaskRunner] DEBUG o.internal.concurrent.TaskRunner - Q10007 starting              : OkHttp ConnectionPool
2025-06-03 15:32:08.104 [OkHttp ConnectionPool] DEBUG o.internal.concurrent.TaskRunner - Q10007 run again after 300 s : OkHttp ConnectionPool
2025-06-03 15:32:08.104 [OkHttp TaskRunner] DEBUG o.internal.concurrent.TaskRunner - Q10007 finished run in 215 µs: OkHttp ConnectionPool
]]></system-out>
  </testcase>
  <testcase name="testTimeout" classname="com.example.httpclient.service.HttpClientServiceTest" time="2.528">
    <system-out><![CDATA[2025-06-03 15:32:08.138 [main] DEBUG o.internal.concurrent.TaskRunner - Q10007 canceled              : OkHttp ConnectionPool
2025-06-03 15:32:08.139 [main] DEBUG o.internal.concurrent.TaskRunner - Q10007 scheduled after   0 µs: OkHttp ConnectionPool
2025-06-03 15:32:08.139 [OkHttp TaskRunner] DEBUG o.internal.concurrent.TaskRunner - Q10007 starting              : OkHttp ConnectionPool
2025-06-03 15:32:08.139 [OkHttp ConnectionPool] DEBUG o.internal.concurrent.TaskRunner - Q10007 run again after 300 s : OkHttp ConnectionPool
2025-06-03 15:32:08.139 [OkHttp TaskRunner] DEBUG o.internal.concurrent.TaskRunner - Q10007 finished run in 157 µs: OkHttp ConnectionPool
2025-06-03 15:32:10.142 [main] DEBUG o.internal.concurrent.TaskRunner - Q10007 canceled              : OkHttp ConnectionPool
2025-06-03 15:32:10.143 [main] ERROR c.e.h.service.HttpClientService - HTTP请求执行失败: timeout
java.net.SocketTimeoutException: timeout
	at okio.SocketAsyncTimeout.newTimeoutException(JvmOkio.kt:146)
	at okio.AsyncTimeout.access$newTimeoutException(AsyncTimeout.kt:161)
	at okio.AsyncTimeout$source$1.read(AsyncTimeout.kt:339)
	at okio.RealBufferedSource.indexOf(RealBufferedSource.kt:430)
	at okio.RealBufferedSource.readUtf8LineStrict(RealBufferedSource.kt:323)
	at okhttp3.internal.http1.HeadersReader.readLine(HeadersReader.kt:29)
	at okhttp3.internal.http1.Http1ExchangeCodec.readResponseHeaders(Http1ExchangeCodec.kt:180)
	at okhttp3.internal.connection.Exchange.readResponseHeaders(Exchange.kt:110)
	at okhttp3.internal.http.CallServerInterceptor.intercept(CallServerInterceptor.kt:93)
	at okhttp3.internal.http.RealInterceptorChain.proceed(RealInterceptorChain.kt:109)
	at okhttp3.internal.connection.ConnectInterceptor.intercept(ConnectInterceptor.kt:34)
	at okhttp3.internal.http.RealInterceptorChain.proceed(RealInterceptorChain.kt:109)
	at okhttp3.internal.cache.CacheInterceptor.intercept(CacheInterceptor.kt:95)
	at okhttp3.internal.http.RealInterceptorChain.proceed(RealInterceptorChain.kt:109)
	at okhttp3.internal.http.BridgeInterceptor.intercept(BridgeInterceptor.kt:83)
	at okhttp3.internal.http.RealInterceptorChain.proceed(RealInterceptorChain.kt:109)
	at okhttp3.internal.http.RetryAndFollowUpInterceptor.intercept(RetryAndFollowUpInterceptor.kt:76)
	at okhttp3.internal.http.RealInterceptorChain.proceed(RealInterceptorChain.kt:109)
	at okhttp3.internal.connection.RealCall.getResponseWithInterceptorChain$okhttp(RealCall.kt:201)
	at okhttp3.internal.connection.RealCall.execute(RealCall.kt:154)
	at com.example.httpclient.service.HttpClientService.execute(HttpClientService.java:61)
	at com.example.httpclient.service.HttpClientServiceTest.testTimeout(HttpClientServiceTest.java:246)
	at java.base/jdk.internal.reflect.NativeMethodAccessorImpl.invoke0(Native Method)
	at java.base/jdk.internal.reflect.NativeMethodAccessorImpl.invoke(NativeMethodAccessorImpl.java:77)
	at java.base/jdk.internal.reflect.DelegatingMethodAccessorImpl.invoke(DelegatingMethodAccessorImpl.java:43)
	at java.base/java.lang.reflect.Method.invoke(Method.java:568)
	at org.junit.platform.commons.util.ReflectionUtils.invokeMethod(ReflectionUtils.java:728)
	at org.junit.jupiter.engine.execution.MethodInvocation.proceed(MethodInvocation.java:60)
	at org.junit.jupiter.engine.execution.InvocationInterceptorChain$ValidatingInvocation.proceed(InvocationInterceptorChain.java:131)
	at org.junit.jupiter.engine.extension.TimeoutExtension.intercept(TimeoutExtension.java:156)
	at org.junit.jupiter.engine.extension.TimeoutExtension.interceptTestableMethod(TimeoutExtension.java:147)
	at org.junit.jupiter.engine.extension.TimeoutExtension.interceptTestMethod(TimeoutExtension.java:86)
	at org.junit.jupiter.engine.execution.InterceptingExecutableInvoker$ReflectiveInterceptorCall.lambda$ofVoidMethod$0(InterceptingExecutableInvoker.java:103)
	at org.junit.jupiter.engine.execution.InterceptingExecutableInvoker.lambda$invoke$0(InterceptingExecutableInvoker.java:93)
	at org.junit.jupiter.engine.execution.InvocationInterceptorChain$InterceptedInvocation.proceed(InvocationInterceptorChain.java:106)
	at org.junit.jupiter.engine.execution.InvocationInterceptorChain.proceed(InvocationInterceptorChain.java:64)
	at org.junit.jupiter.engine.execution.InvocationInterceptorChain.chainAndInvoke(InvocationInterceptorChain.java:45)
	at org.junit.jupiter.engine.execution.InvocationInterceptorChain.invoke(InvocationInterceptorChain.java:37)
	at org.junit.jupiter.engine.execution.InterceptingExecutableInvoker.invoke(InterceptingExecutableInvoker.java:92)
	at org.junit.jupiter.engine.execution.InterceptingExecutableInvoker.invoke(InterceptingExecutableInvoker.java:86)
	at org.junit.jupiter.engine.descriptor.TestMethodTestDescriptor.lambda$invokeTestMethod$7(TestMethodTestDescriptor.java:218)
	at org.junit.platform.engine.support.hierarchical.ThrowableCollector.execute(ThrowableCollector.java:73)
	at org.junit.jupiter.engine.descriptor.TestMethodTestDescriptor.invokeTestMethod(TestMethodTestDescriptor.java:214)
	at org.junit.jupiter.engine.descriptor.TestMethodTestDescriptor.execute(TestMethodTestDescriptor.java:139)
	at org.junit.jupiter.engine.descriptor.TestMethodTestDescriptor.execute(TestMethodTestDescriptor.java:69)
	at org.junit.platform.engine.support.hierarchical.NodeTestTask.lambda$executeRecursively$6(NodeTestTask.java:151)
	at org.junit.platform.engine.support.hierarchical.ThrowableCollector.execute(ThrowableCollector.java:73)
	at org.junit.platform.engine.support.hierarchical.NodeTestTask.lambda$executeRecursively$8(NodeTestTask.java:141)
	at org.junit.platform.engine.support.hierarchical.Node.around(Node.java:137)
	at org.junit.platform.engine.support.hierarchical.NodeTestTask.lambda$executeRecursively$9(NodeTestTask.java:139)
	at org.junit.platform.engine.support.hierarchical.ThrowableCollector.execute(ThrowableCollector.java:73)
	at org.junit.platform.engine.support.hierarchical.NodeTestTask.executeRecursively(NodeTestTask.java:138)
	at org.junit.platform.engine.support.hierarchical.NodeTestTask.execute(NodeTestTask.java:95)
	at java.base/java.util.ArrayList.forEach(ArrayList.java:1511)
	at org.junit.platform.engine.support.hierarchical.SameThreadHierarchicalTestExecutorService.invokeAll(SameThreadHierarchicalTestExecutorService.java:41)
	at org.junit.platform.engine.support.hierarchical.NodeTestTask.lambda$executeRecursively$6(NodeTestTask.java:155)
	at org.junit.platform.engine.support.hierarchical.ThrowableCollector.execute(ThrowableCollector.java:73)
	at org.junit.platform.engine.support.hierarchical.NodeTestTask.lambda$executeRecursively$8(NodeTestTask.java:141)
	at org.junit.platform.engine.support.hierarchical.Node.around(Node.java:137)
	at org.junit.platform.engine.support.hierarchical.NodeTestTask.lambda$executeRecursively$9(NodeTestTask.java:139)
	at org.junit.platform.engine.support.hierarchical.ThrowableCollector.execute(ThrowableCollector.java:73)
	at org.junit.platform.engine.support.hierarchical.NodeTestTask.executeRecursively(NodeTestTask.java:138)
	at org.junit.platform.engine.support.hierarchical.NodeTestTask.execute(NodeTestTask.java:95)
	at java.base/java.util.ArrayList.forEach(ArrayList.java:1511)
	at org.junit.platform.engine.support.hierarchical.SameThreadHierarchicalTestExecutorService.invokeAll(SameThreadHierarchicalTestExecutorService.java:41)
	at org.junit.platform.engine.support.hierarchical.NodeTestTask.lambda$executeRecursively$6(NodeTestTask.java:155)
	at org.junit.platform.engine.support.hierarchical.ThrowableCollector.execute(ThrowableCollector.java:73)
	at org.junit.platform.engine.support.hierarchical.NodeTestTask.lambda$executeRecursively$8(NodeTestTask.java:141)
	at org.junit.platform.engine.support.hierarchical.Node.around(Node.java:137)
	at org.junit.platform.engine.support.hierarchical.NodeTestTask.lambda$executeRecursively$9(NodeTestTask.java:139)
	at org.junit.platform.engine.support.hierarchical.ThrowableCollector.execute(ThrowableCollector.java:73)
	at org.junit.platform.engine.support.hierarchical.NodeTestTask.executeRecursively(NodeTestTask.java:138)
	at org.junit.platform.engine.support.hierarchical.NodeTestTask.execute(NodeTestTask.java:95)
	at org.junit.platform.engine.support.hierarchical.SameThreadHierarchicalTestExecutorService.submit(SameThreadHierarchicalTestExecutorService.java:35)
	at org.junit.platform.engine.support.hierarchical.HierarchicalTestExecutor.execute(HierarchicalTestExecutor.java:57)
	at org.junit.platform.engine.support.hierarchical.HierarchicalTestEngine.execute(HierarchicalTestEngine.java:54)
	at org.junit.platform.launcher.core.EngineExecutionOrchestrator.execute(EngineExecutionOrchestrator.java:198)
	at org.junit.platform.launcher.core.EngineExecutionOrchestrator.execute(EngineExecutionOrchestrator.java:169)
	at org.junit.platform.launcher.core.EngineExecutionOrchestrator.execute(EngineExecutionOrchestrator.java:93)
	at org.junit.platform.launcher.core.EngineExecutionOrchestrator.lambda$execute$0(EngineExecutionOrchestrator.java:58)
	at org.junit.platform.launcher.core.EngineExecutionOrchestrator.withInterceptedStreams(EngineExecutionOrchestrator.java:141)
	at org.junit.platform.launcher.core.EngineExecutionOrchestrator.execute(EngineExecutionOrchestrator.java:57)
	at org.junit.platform.launcher.core.DefaultLauncher.execute(DefaultLauncher.java:103)
	at org.junit.platform.launcher.core.DefaultLauncher.execute(DefaultLauncher.java:85)
	at org.junit.platform.launcher.core.DelegatingLauncher.execute(DelegatingLauncher.java:47)
	at org.apache.maven.surefire.junitplatform.LazyLauncher.execute(LazyLauncher.java:56)
	at org.apache.maven.surefire.junitplatform.JUnitPlatformProvider.execute(JUnitPlatformProvider.java:184)
	at org.apache.maven.surefire.junitplatform.JUnitPlatformProvider.invokeAllTests(JUnitPlatformProvider.java:148)
	at org.apache.maven.surefire.junitplatform.JUnitPlatformProvider.invoke(JUnitPlatformProvider.java:122)
	at org.apache.maven.surefire.booter.ForkedBooter.runSuitesInProcess(ForkedBooter.java:385)
	at org.apache.maven.surefire.booter.ForkedBooter.execute(ForkedBooter.java:162)
	at org.apache.maven.surefire.booter.ForkedBooter.run(ForkedBooter.java:507)
	at org.apache.maven.surefire.booter.ForkedBooter.main(ForkedBooter.java:495)
	Suppressed: java.io.IOException: unexpected end of stream on http://localhost:8089/...
		at okhttp3.internal.http1.Http1ExchangeCodec.readResponseHeaders(Http1ExchangeCodec.kt:210)
		... 86 common frames omitted
	Caused by: java.io.EOFException: \n not found: limit=0 content=…
		at okio.RealBufferedSource.readUtf8LineStrict(RealBufferedSource.kt:335)
		at okhttp3.internal.http1.HeadersReader.readLine(HeadersReader.kt:29)
		at okhttp3.internal.http1.Http1ExchangeCodec.readResponseHeaders(Http1ExchangeCodec.kt:180)
		... 86 common frames omitted
Caused by: java.net.SocketException: Socket closed
	at java.base/sun.nio.ch.NioSocketImpl.endRead(NioSocketImpl.java:253)
	at java.base/sun.nio.ch.NioSocketImpl.implRead(NioSocketImpl.java:332)
	at java.base/sun.nio.ch.NioSocketImpl.read(NioSocketImpl.java:355)
	at java.base/sun.nio.ch.NioSocketImpl$1.read(NioSocketImpl.java:808)
	at java.base/java.net.Socket$SocketInputStream.read(Socket.java:966)
	at okio.InputStreamSource.read(JvmOkio.kt:93)
	at okio.AsyncTimeout$source$1.read(AsyncTimeout.kt:128)
	... 90 common frames omitted
]]></system-out>
  </testcase>
  <testcase name="testDeleteRequest" classname="com.example.httpclient.service.HttpClientServiceTest" time="0.021">
    <system-out><![CDATA[2025-06-03 15:32:10.666 [main] DEBUG o.internal.concurrent.TaskRunner - Q10007 scheduled after   0 µs: OkHttp ConnectionPool
2025-06-03 15:32:10.666 [OkHttp TaskRunner] DEBUG o.internal.concurrent.TaskRunner - Q10007 starting              : OkHttp ConnectionPool
2025-06-03 15:32:10.666 [OkHttp ConnectionPool] DEBUG o.internal.concurrent.TaskRunner - Q10007 run again after 300 s : OkHttp ConnectionPool
2025-06-03 15:32:10.666 [OkHttp TaskRunner] DEBUG o.internal.concurrent.TaskRunner - Q10007 finished run in 205 µs: OkHttp ConnectionPool
2025-06-03 15:32:10.669 [main] DEBUG o.internal.concurrent.TaskRunner - Q10007 scheduled after   0 µs: OkHttp ConnectionPool
2025-06-03 15:32:10.669 [OkHttp TaskRunner] DEBUG o.internal.concurrent.TaskRunner - Q10007 starting              : OkHttp ConnectionPool
2025-06-03 15:32:10.670 [OkHttp ConnectionPool] DEBUG o.internal.concurrent.TaskRunner - Q10007 run again after 300 s : OkHttp ConnectionPool
2025-06-03 15:32:10.670 [OkHttp TaskRunner] DEBUG o.internal.concurrent.TaskRunner - Q10007 finished run in 203 µs: OkHttp ConnectionPool
]]></system-out>
  </testcase>
  <testcase name="testAsyncRequest" classname="com.example.httpclient.service.HttpClientServiceTest" time="0.117">
    <system-out><![CDATA[2025-06-03 15:32:10.684 [ForkJoinPool.commonPool-worker-1] DEBUG o.internal.concurrent.TaskRunner - Q10007 canceled              : OkHttp ConnectionPool
2025-06-03 15:32:10.685 [ForkJoinPool.commonPool-worker-1] DEBUG o.internal.concurrent.TaskRunner - Q10007 scheduled after   0 µs: OkHttp ConnectionPool
2025-06-03 15:32:10.685 [OkHttp TaskRunner] DEBUG o.internal.concurrent.TaskRunner - Q10007 starting              : OkHttp ConnectionPool
2025-06-03 15:32:10.685 [OkHttp ConnectionPool] DEBUG o.internal.concurrent.TaskRunner - Q10007 run again after 300 s : OkHttp ConnectionPool
2025-06-03 15:32:10.685 [OkHttp TaskRunner] DEBUG o.internal.concurrent.TaskRunner - Q10007 finished run in 164 µs: OkHttp ConnectionPool
2025-06-03 15:32:10.788 [ForkJoinPool.commonPool-worker-1] DEBUG o.internal.concurrent.TaskRunner - Q10007 scheduled after   0 µs: OkHttp ConnectionPool
2025-06-03 15:32:10.789 [OkHttp TaskRunner] DEBUG o.internal.concurrent.TaskRunner - Q10007 starting              : OkHttp ConnectionPool
2025-06-03 15:32:10.789 [OkHttp ConnectionPool] DEBUG o.internal.concurrent.TaskRunner - Q10007 run again after 300 s : OkHttp ConnectionPool
2025-06-03 15:32:10.789 [OkHttp TaskRunner] DEBUG o.internal.concurrent.TaskRunner - Q10007 finished run in 216 µs: OkHttp ConnectionPool
]]></system-out>
  </testcase>
  <testcase name="testRequestWithHeaders" classname="com.example.httpclient.service.HttpClientServiceTest" time="0.016">
    <system-out><![CDATA[2025-06-03 15:32:10.803 [main] DEBUG o.internal.concurrent.TaskRunner - Q10007 canceled              : OkHttp ConnectionPool
2025-06-03 15:32:10.803 [main] DEBUG o.internal.concurrent.TaskRunner - Q10007 scheduled after   0 µs: OkHttp ConnectionPool
2025-06-03 15:32:10.804 [OkHttp TaskRunner] DEBUG o.internal.concurrent.TaskRunner - Q10007 starting              : OkHttp ConnectionPool
2025-06-03 15:32:10.804 [OkHttp ConnectionPool] DEBUG o.internal.concurrent.TaskRunner - Q10007 run again after 300 s : OkHttp ConnectionPool
2025-06-03 15:32:10.804 [OkHttp TaskRunner] DEBUG o.internal.concurrent.TaskRunner - Q10007 finished run in 387 µs: OkHttp ConnectionPool
2025-06-03 15:32:10.806 [main] DEBUG o.internal.concurrent.TaskRunner - Q10007 scheduled after   0 µs: OkHttp ConnectionPool
2025-06-03 15:32:10.806 [OkHttp TaskRunner] DEBUG o.internal.concurrent.TaskRunner - Q10007 starting              : OkHttp ConnectionPool
2025-06-03 15:32:10.806 [OkHttp ConnectionPool] DEBUG o.internal.concurrent.TaskRunner - Q10007 run again after 300 s : OkHttp ConnectionPool
2025-06-03 15:32:10.806 [OkHttp TaskRunner] DEBUG o.internal.concurrent.TaskRunner - Q10007 finished run in 143 µs: OkHttp ConnectionPool
]]></system-out>
  </testcase>
  <testcase name="testErrorResponse" classname="com.example.httpclient.service.HttpClientServiceTest" time="0.018">
    <system-out><![CDATA[2025-06-03 15:32:10.821 [main] DEBUG o.internal.concurrent.TaskRunner - Q10007 canceled              : OkHttp ConnectionPool
2025-06-03 15:32:10.822 [main] DEBUG o.internal.concurrent.TaskRunner - Q10007 scheduled after   0 µs: OkHttp ConnectionPool
2025-06-03 15:32:10.822 [OkHttp TaskRunner] DEBUG o.internal.concurrent.TaskRunner - Q10007 starting              : OkHttp ConnectionPool
2025-06-03 15:32:10.822 [OkHttp ConnectionPool] DEBUG o.internal.concurrent.TaskRunner - Q10007 run again after 300 s : OkHttp ConnectionPool
2025-06-03 15:32:10.822 [OkHttp TaskRunner] DEBUG o.internal.concurrent.TaskRunner - Q10007 finished run in 240 µs: OkHttp ConnectionPool
2025-06-03 15:32:10.824 [main] DEBUG o.internal.concurrent.TaskRunner - Q10007 scheduled after   0 µs: OkHttp ConnectionPool
2025-06-03 15:32:10.825 [OkHttp TaskRunner] DEBUG o.internal.concurrent.TaskRunner - Q10007 starting              : OkHttp ConnectionPool
2025-06-03 15:32:10.825 [OkHttp ConnectionPool] DEBUG o.internal.concurrent.TaskRunner - Q10007 run again after 300 s : OkHttp ConnectionPool
2025-06-03 15:32:10.825 [OkHttp TaskRunner] DEBUG o.internal.concurrent.TaskRunner - Q10007 finished run in 184 µs: OkHttp ConnectionPool
]]></system-out>
  </testcase>
  <testcase name="testPutRequest" classname="com.example.httpclient.service.HttpClientServiceTest" time="0.037">
    <failure message="expected: &lt;true&gt; but was: &lt;false&gt;" type="org.opentest4j.AssertionFailedError"><![CDATA[org.opentest4j.AssertionFailedError: expected: <true> but was: <false>
	at org.junit.jupiter.api.AssertionFailureBuilder.build(AssertionFailureBuilder.java:151)
	at org.junit.jupiter.api.AssertionFailureBuilder.buildAndThrow(AssertionFailureBuilder.java:132)
	at org.junit.jupiter.api.AssertTrue.failNotTrue(AssertTrue.java:63)
	at org.junit.jupiter.api.AssertTrue.assertTrue(AssertTrue.java:36)
	at org.junit.jupiter.api.AssertTrue.assertTrue(AssertTrue.java:31)
	at org.junit.jupiter.api.Assertions.assertTrue(Assertions.java:183)
	at com.example.httpclient.service.HttpClientServiceTest.testPutRequest(HttpClientServiceTest.java:123)
	at java.base/java.lang.reflect.Method.invoke(Method.java:568)
	at java.base/java.util.ArrayList.forEach(ArrayList.java:1511)
	at java.base/java.util.ArrayList.forEach(ArrayList.java:1511)
]]></failure>
    <system-out><![CDATA[2025-06-03 15:32:10.843 [main] DEBUG o.internal.concurrent.TaskRunner - Q10007 canceled              : OkHttp ConnectionPool
2025-06-03 15:32:10.844 [main] DEBUG o.internal.concurrent.TaskRunner - Q10007 scheduled after   0 µs: OkHttp ConnectionPool
2025-06-03 15:32:10.844 [OkHttp TaskRunner] DEBUG o.internal.concurrent.TaskRunner - Q10007 starting              : OkHttp ConnectionPool
2025-06-03 15:32:10.844 [OkHttp ConnectionPool] DEBUG o.internal.concurrent.TaskRunner - Q10007 run again after 300 s : OkHttp ConnectionPool
2025-06-03 15:32:10.844 [OkHttp TaskRunner] DEBUG o.internal.concurrent.TaskRunner - Q10007 finished run in 327 µs: OkHttp ConnectionPool
2025-06-03 15:32:10.857 [main] DEBUG o.internal.concurrent.TaskRunner - Q10007 scheduled after   0 µs: OkHttp ConnectionPool
2025-06-03 15:32:10.857 [OkHttp TaskRunner] DEBUG o.internal.concurrent.TaskRunner - Q10007 starting              : OkHttp ConnectionPool
2025-06-03 15:32:10.857 [OkHttp ConnectionPool] DEBUG o.internal.concurrent.TaskRunner - Q10007 run again after 300 s : OkHttp ConnectionPool
2025-06-03 15:32:10.857 [OkHttp TaskRunner] DEBUG o.internal.concurrent.TaskRunner - Q10007 finished run in 173 µs: OkHttp ConnectionPool
2025-06-03 15:32:10.858 [main] WARN  c.e.h.service.HttpClientService - 响应体JSON解析失败，返回原始字符串: Unrecognized token 'Request': was expecting (JSON String, Number, Array, Object or token 'null', 'true' or 'false')
 at [Source: (String)"
                                               Request was not matched
                                               =======================

-----------------------------------------------------------------------------------------------------------------------
| Closest stub                                             | Request                                                  |
--------------------------------------------------------------------------------------------------------------------"[truncated 643 chars]; line: 2, column: 55]
]]></system-out>
  </testcase>
  <testcase name="testPostRequest" classname="com.example.httpclient.service.HttpClientServiceTest" time="0.024">
    <failure message="expected: &lt;true&gt; but was: &lt;false&gt;" type="org.opentest4j.AssertionFailedError"><![CDATA[org.opentest4j.AssertionFailedError: expected: <true> but was: <false>
	at org.junit.jupiter.api.AssertionFailureBuilder.build(AssertionFailureBuilder.java:151)
	at org.junit.jupiter.api.AssertionFailureBuilder.buildAndThrow(AssertionFailureBuilder.java:132)
	at org.junit.jupiter.api.AssertTrue.failNotTrue(AssertTrue.java:63)
	at org.junit.jupiter.api.AssertTrue.assertTrue(AssertTrue.java:36)
	at org.junit.jupiter.api.AssertTrue.assertTrue(AssertTrue.java:31)
	at org.junit.jupiter.api.Assertions.assertTrue(Assertions.java:183)
	at com.example.httpclient.service.HttpClientServiceTest.testPostRequest(HttpClientServiceTest.java:96)
	at java.base/java.lang.reflect.Method.invoke(Method.java:568)
	at java.base/java.util.ArrayList.forEach(ArrayList.java:1511)
	at java.base/java.util.ArrayList.forEach(ArrayList.java:1511)
]]></failure>
    <system-out><![CDATA[2025-06-03 15:32:10.883 [main] DEBUG o.internal.concurrent.TaskRunner - Q10007 canceled              : OkHttp ConnectionPool
2025-06-03 15:32:10.884 [main] DEBUG o.internal.concurrent.TaskRunner - Q10007 scheduled after   0 µs: OkHttp ConnectionPool
2025-06-03 15:32:10.884 [OkHttp TaskRunner] DEBUG o.internal.concurrent.TaskRunner - Q10007 starting              : OkHttp ConnectionPool
2025-06-03 15:32:10.884 [OkHttp ConnectionPool] DEBUG o.internal.concurrent.TaskRunner - Q10007 run again after 300 s : OkHttp ConnectionPool
2025-06-03 15:32:10.884 [OkHttp TaskRunner] DEBUG o.internal.concurrent.TaskRunner - Q10007 finished run in 251 µs: OkHttp ConnectionPool
2025-06-03 15:32:10.886 [main] DEBUG o.internal.concurrent.TaskRunner - Q10007 scheduled after   0 µs: OkHttp ConnectionPool
2025-06-03 15:32:10.886 [OkHttp TaskRunner] DEBUG o.internal.concurrent.TaskRunner - Q10007 starting              : OkHttp ConnectionPool
2025-06-03 15:32:10.887 [OkHttp ConnectionPool] DEBUG o.internal.concurrent.TaskRunner - Q10007 run again after 300 s : OkHttp ConnectionPool
2025-06-03 15:32:10.887 [main] WARN  c.e.h.service.HttpClientService - 响应体JSON解析失败，返回原始字符串: Unrecognized token 'Request': was expecting (JSON String, Number, Array, Object or token 'null', 'true' or 'false')
 at [Source: (String)"
                                               Request was not matched
                                               =======================

-----------------------------------------------------------------------------------------------------------------------
| Closest stub                                             | Request                                                  |
--------------------------------------------------------------------------------------------------------------------"[truncated 642 chars]; line: 2, column: 55]
2025-06-03 15:32:10.887 [OkHttp TaskRunner] DEBUG o.internal.concurrent.TaskRunner - Q10007 finished run in 414 µs: OkHttp ConnectionPool
]]></system-out>
  </testcase>
  <testcase name="testConvenienceMethods" classname="com.example.httpclient.service.HttpClientServiceTest" time="0.038">
    <system-out><![CDATA[2025-06-03 15:32:10.905 [main] DEBUG o.internal.concurrent.TaskRunner - Q10007 canceled              : OkHttp ConnectionPool
2025-06-03 15:32:10.905 [main] DEBUG o.internal.concurrent.TaskRunner - Q10007 scheduled after   0 µs: OkHttp ConnectionPool
2025-06-03 15:32:10.906 [OkHttp TaskRunner] DEBUG o.internal.concurrent.TaskRunner - Q10007 starting              : OkHttp ConnectionPool
2025-06-03 15:32:10.906 [OkHttp ConnectionPool] DEBUG o.internal.concurrent.TaskRunner - Q10007 run again after 300 s : OkHttp ConnectionPool
2025-06-03 15:32:10.906 [OkHttp TaskRunner] DEBUG o.internal.concurrent.TaskRunner - Q10007 finished run in 353 µs: OkHttp ConnectionPool
2025-06-03 15:32:10.908 [main] DEBUG o.internal.concurrent.TaskRunner - Q10007 scheduled after   0 µs: OkHttp ConnectionPool
2025-06-03 15:32:10.909 [OkHttp TaskRunner] DEBUG o.internal.concurrent.TaskRunner - Q10007 starting              : OkHttp ConnectionPool
2025-06-03 15:32:10.909 [OkHttp ConnectionPool] DEBUG o.internal.concurrent.TaskRunner - Q10007 run again after 300 s : OkHttp ConnectionPool
2025-06-03 15:32:10.909 [OkHttp TaskRunner] DEBUG o.internal.concurrent.TaskRunner - Q10007 finished run in 263 µs: OkHttp ConnectionPool
2025-06-03 15:32:10.916 [main] DEBUG o.internal.concurrent.TaskRunner - Q10007 scheduled after   0 µs: OkHttp ConnectionPool
2025-06-03 15:32:10.916 [OkHttp TaskRunner] DEBUG o.internal.concurrent.TaskRunner - Q10007 starting              : OkHttp ConnectionPool
2025-06-03 15:32:10.917 [OkHttp ConnectionPool] DEBUG o.internal.concurrent.TaskRunner - Q10007 run again after 300 s : OkHttp ConnectionPool
2025-06-03 15:32:10.917 [OkHttp TaskRunner] DEBUG o.internal.concurrent.TaskRunner - Q10007 finished run in 206 µs: OkHttp ConnectionPool
2025-06-03 15:32:10.923 [main] DEBUG o.internal.concurrent.TaskRunner - Q10007 scheduled after   0 µs: OkHttp ConnectionPool
2025-06-03 15:32:10.923 [OkHttp TaskRunner] DEBUG o.internal.concurrent.TaskRunner - Q10007 starting              : OkHttp ConnectionPool
2025-06-03 15:32:10.923 [OkHttp ConnectionPool] DEBUG o.internal.concurrent.TaskRunner - Q10007 run again after 300 s : OkHttp ConnectionPool
2025-06-03 15:32:10.923 [OkHttp TaskRunner] DEBUG o.internal.concurrent.TaskRunner - Q10007 finished run in 159 µs: OkHttp ConnectionPool
2025-06-03 15:32:10.928 [main] DEBUG o.internal.concurrent.TaskRunner - Q10007 scheduled after   0 µs: OkHttp ConnectionPool
2025-06-03 15:32:10.929 [OkHttp TaskRunner] DEBUG o.internal.concurrent.TaskRunner - Q10007 starting              : OkHttp ConnectionPool
2025-06-03 15:32:10.929 [OkHttp ConnectionPool] DEBUG o.internal.concurrent.TaskRunner - Q10007 run again after 300 s : OkHttp ConnectionPool
2025-06-03 15:32:10.929 [OkHttp TaskRunner] DEBUG o.internal.concurrent.TaskRunner - Q10007 finished run in 204 µs: OkHttp ConnectionPool
]]></system-out>
  </testcase>
  <testcase name="testGetRequest" classname="com.example.httpclient.service.HttpClientServiceTest" time="0.019">
    <system-out><![CDATA[2025-06-03 15:32:10.945 [main] DEBUG o.internal.concurrent.TaskRunner - Q10007 canceled              : OkHttp ConnectionPool
2025-06-03 15:32:10.946 [main] DEBUG o.internal.concurrent.TaskRunner - Q10007 scheduled after   0 µs: OkHttp ConnectionPool
2025-06-03 15:32:10.946 [OkHttp TaskRunner] DEBUG o.internal.concurrent.TaskRunner - Q10007 starting              : OkHttp ConnectionPool
2025-06-03 15:32:10.946 [OkHttp ConnectionPool] DEBUG o.internal.concurrent.TaskRunner - Q10007 run again after 300 s : OkHttp ConnectionPool
2025-06-03 15:32:10.946 [OkHttp TaskRunner] DEBUG o.internal.concurrent.TaskRunner - Q10007 finished run in 388 µs: OkHttp ConnectionPool
2025-06-03 15:32:10.948 [main] DEBUG o.internal.concurrent.TaskRunner - Q10007 scheduled after   0 µs: OkHttp ConnectionPool
2025-06-03 15:32:10.949 [OkHttp TaskRunner] DEBUG o.internal.concurrent.TaskRunner - Q10007 starting              : OkHttp ConnectionPool
2025-06-03 15:32:10.949 [OkHttp ConnectionPool] DEBUG o.internal.concurrent.TaskRunner - Q10007 run again after 300 s : OkHttp ConnectionPool
2025-06-03 15:32:10.949 [OkHttp TaskRunner] DEBUG o.internal.concurrent.TaskRunner - Q10007 finished run in 196 µs: OkHttp ConnectionPool
]]></system-out>
  </testcase>
</testsuite>